#
# There is insufficient memory for the Java Runtime Environment to continue.
# Native memory allocation (malloc) failed to allocate 466416 bytes for Chunk::new
# Possible reasons:
#   The system is out of physical RAM or swap space
#   The process is running with CompressedOops enabled, and the Java Heap may be blocking the growth of the native heap
# Possible solutions:
#   Reduce memory load on the system
#   Increase physical memory or swap space
#   Check if swap backing store is full
#   Decrease Java heap size (-Xmx/-Xms)
#   Decrease number of Java threads
#   Decrease Java thread stack sizes (-Xss)
#   Set larger code cache with -XX:ReservedCodeCacheSize=
#   JVM is running with Zero Based Compressed Oops mode in which the Java heap is
#     placed in the first 32GB address space. The Java Heap base address is the
#     maximum limit for the native heap growth. Please use -XX:HeapBaseMinAddress
#     to set the Java Heap base and to place the Java Heap above 32GB virtual address.
# This output file may be truncated or incomplete.
#
#  Out of Memory Error (./src/hotspot/share/memory/arena.cpp:197), pid=12272, tid=18120
#
# JRE version: OpenJDK Runtime Environment (11.0.12+7) (build 11.0.12+7-b1504.28-7817840)
# Java VM: OpenJDK 64-Bit Server VM (11.0.12+7-b1504.28-7817840, mixed mode, tiered, compressed oops, g1 gc, windows-amd64)
# No core dump will be written. Minidumps are not enabled by default on client versions of Windows
#

---------------  S U M M A R Y ------------

Command Line: org.jetbrains.kotlin.cli.jvm.K2JVMCompiler @C:\Users\Admin\AndroidStudioProjects\hoabl_customer_app_android\app\build\20221011_9970800343828827499.compiler.options

Host: Intel(R) Core(TM) i7-10510U CPU @ 1.80GHz, 8 cores, 15G,  Windows 10 , 64 bit Build 19041 (10.0.19041.1889)
Time: Tue Oct 11 17:13:09 2022 India Standard Time elapsed time: 24.729851 seconds (0d 0h 0m 24s)

---------------  T H R E A D  ---------------

Current thread (0x000001e7a4e1a000):  JavaThread "C2 CompilerThread1" daemon [_thread_in_native, id=18120, stack(0x0000001d03a00000,0x0000001d03b00000)]


Current CompileTask:
C2:  24729 14019       4       org.jetbrains.org.objectweb.asm.ClassReader::readElementValue (1237 bytes)

Stack: [0x0000001d03a00000,0x0000001d03b00000]
Native frames: (J=compiled Java code, j=interpreted, Vv=VM code, C=native code)
V  [jvm.dll+0x5fbcea]
V  [jvm.dll+0x731905]
V  [jvm.dll+0x732f1d]
V  [jvm.dll+0x7335d3]
V  [jvm.dll+0x247bf8]
V  [jvm.dll+0xc018c]
V  [jvm.dll+0xc06cc]
V  [jvm.dll+0x35b31d]
V  [jvm.dll+0x19cebc]
V  [jvm.dll+0x20070e]
V  [jvm.dll+0x1ff794]
V  [jvm.dll+0x18868c]
V  [jvm.dll+0x20e0d7]
V  [jvm.dll+0x20c901]
V  [jvm.dll+0x6f9b7f]
V  [jvm.dll+0x6f26a5]
V  [jvm.dll+0x5fabf6]
C  [ucrtbase.dll+0x21bb2]
C  [KERNEL32.DLL+0x17034]
C  [ntdll.dll+0x526a1]


---------------  P R O C E S S  ---------------

Threads class SMR info:
_java_thread_list=0x000001e7a6e4c2e0, length=11, elements={
0x000001e78570a000, 0x000001e7a4e0b800, 0x000001e7a4e0f000, 0x000001e7a56c7800,
0x000001e7a570b800, 0x000001e7a570c800, 0x000001e7a5711800, 0x000001e7a4e16800,
0x000001e7a4e1d800, 0x000001e7a5889800, 0x000001e7a4e1a000
}

Java Threads: ( => current thread )
  0x000001e78570a000 JavaThread "main" [_thread_in_Java, id=16880, stack(0x0000001d02900000,0x0000001d02a00000)]
  0x000001e7a4e0b800 JavaThread "Reference Handler" daemon [_thread_blocked, id=8544, stack(0x0000001d03000000,0x0000001d03100000)]
  0x000001e7a4e0f000 JavaThread "Finalizer" daemon [_thread_blocked, id=14224, stack(0x0000001d03100000,0x0000001d03200000)]
  0x000001e7a56c7800 JavaThread "Signal Dispatcher" daemon [_thread_blocked, id=9996, stack(0x0000001d03200000,0x0000001d03300000)]
  0x000001e7a570b800 JavaThread "Attach Listener" daemon [_thread_blocked, id=152, stack(0x0000001d03300000,0x0000001d03400000)]
  0x000001e7a570c800 JavaThread "Service Thread" daemon [_thread_blocked, id=16640, stack(0x0000001d03400000,0x0000001d03500000)]
  0x000001e7a5711800 JavaThread "C2 CompilerThread0" daemon [_thread_in_native, id=14588, stack(0x0000001d03500000,0x0000001d03600000)]
  0x000001e7a4e16800 JavaThread "C1 CompilerThread0" daemon [_thread_blocked, id=10912, stack(0x0000001d03600000,0x0000001d03700000)]
  0x000001e7a4e1d800 JavaThread "Sweeper thread" daemon [_thread_blocked, id=17600, stack(0x0000001d03700000,0x0000001d03800000)]
  0x000001e7a5889800 JavaThread "Common-Cleaner" daemon [_thread_blocked, id=5176, stack(0x0000001d03900000,0x0000001d03a00000)]
=>0x000001e7a4e1a000 JavaThread "C2 CompilerThread1" daemon [_thread_in_native, id=18120, stack(0x0000001d03a00000,0x0000001d03b00000)]

Other Threads:
  0x000001e7a4de8800 VMThread "VM Thread" [stack: 0x0000001d02f00000,0x0000001d03000000] [id=17276]
  0x000001e7a5880800 WatcherThread [stack: 0x0000001d03800000,0x0000001d03900000] [id=9132]
  0x000001e785722000 GCTaskThread "GC Thread#0" [stack: 0x0000001d02a00000,0x0000001d02b00000] [id=14924]
  0x000001e7a5f99000 GCTaskThread "GC Thread#1" [stack: 0x0000001d03c00000,0x0000001d03d00000] [id=18248]
  0x000001e7a5fb8000 GCTaskThread "GC Thread#2" [stack: 0x0000001d03d00000,0x0000001d03e00000] [id=14512]
  0x000001e7a5f54800 GCTaskThread "GC Thread#3" [stack: 0x0000001d03e00000,0x0000001d03f00000] [id=9424]
  0x000001e7a5fa0000 GCTaskThread "GC Thread#4" [stack: 0x0000001d03f00000,0x0000001d04000000] [id=2480]
  0x000001e7a5fa1000 GCTaskThread "GC Thread#5" [stack: 0x0000001d04000000,0x0000001d04100000] [id=15936]
  0x000001e7aa0f2800 GCTaskThread "GC Thread#6" [stack: 0x0000001d04600000,0x0000001d04700000] [id=4500]
  0x000001e7aa0f3000 GCTaskThread "GC Thread#7" [stack: 0x0000001d04800000,0x0000001d04900000] [id=13052]
  0x000001e78577c800 ConcurrentGCThread "G1 Main Marker" [stack: 0x0000001d02b00000,0x0000001d02c00000] [id=15596]
  0x000001e78577e800 ConcurrentGCThread "G1 Conc#0" [stack: 0x0000001d02c00000,0x0000001d02d00000] [id=2492]
  0x000001e7a6bb8000 ConcurrentGCThread "G1 Conc#1" [stack: 0x0000001d03b00000,0x0000001d03c00000] [id=18092]
  0x000001e7a4ccd800 ConcurrentGCThread "G1 Refine#0" [stack: 0x0000001d02d00000,0x0000001d02e00000] [id=7484]
  0x000001e7a74c6000 ConcurrentGCThread "G1 Refine#1" [stack: 0x0000001d04200000,0x0000001d04300000] [id=15040]
  0x000001e7a6bb7000 ConcurrentGCThread "G1 Refine#2" [stack: 0x0000001d04300000,0x0000001d04400000] [id=16876]
  0x000001e7aa486800 ConcurrentGCThread "G1 Refine#3" [stack: 0x0000001d04400000,0x0000001d04500000] [id=6048]
  0x000001e7a8aac800 ConcurrentGCThread "G1 Refine#4" [stack: 0x0000001d04500000,0x0000001d04600000] [id=6784]
  0x000001e7aa0f5800 ConcurrentGCThread "G1 Refine#5" [stack: 0x0000001d04700000,0x0000001d04800000] [id=12828]
  0x000001e7aa0f8800 ConcurrentGCThread "G1 Refine#6" [stack: 0x0000001d04100000,0x0000001d04200000] [id=11328]
  0x000001e7a4cce000 ConcurrentGCThread "G1 Young RemSet Sampling" [stack: 0x0000001d02e00000,0x0000001d02f00000] [id=14012]

Threads with active compile tasks:
C2 CompilerThread0  24752 14050       4       org.jetbrains.kotlin.serialization.deserialization.descriptors.DeserializedPackageMemberScope::hasClass (116 bytes)
C2 CompilerThread1  24752 14019       4       org.jetbrains.org.objectweb.asm.ClassReader::readElementValue (1237 bytes)

VM state:not at safepoint (normal execution)

VM Mutex/Monitor currently owned by a thread: None

Heap address: 0x0000000703e00000, size: 4034 MB, Compressed Oops mode: Zero based, Oop shift amount: 3
Narrow klass base: 0x0000000800000000, Narrow klass shift: 0
Compressed class space size: 1073741824 Address: 0x0000000800000000

Heap:
 garbage-first heap   total 377856K, used 232658K [0x0000000703e00000, 0x0000000800000000)
  region size 1024K, 110 young (112640K), 3 survivors (3072K)
 Metaspace       used 70604K, capacity 71501K, committed 71808K, reserved 1114112K
  class space    used 7626K, capacity 7972K, committed 8064K, reserved 1048576K
Heap Regions: E=young(eden), S=young(survivor), O=old, HS=humongous(starts), HC=humongous(continues), CS=collection set, F=free, A=archive, TAMS=top-at-mark-start (previous, next)
|   0|0x0000000703e00000, 0x0000000703f00000, 0x0000000703f00000|100%|HS|  |TAMS 0x0000000703f00000, 0x0000000703e00000| Complete 
|   1|0x0000000703f00000, 0x0000000704000000, 0x0000000704000000|100%|HC|  |TAMS 0x0000000704000000, 0x0000000703f00000| Complete 
|   2|0x0000000704000000, 0x0000000704100000, 0x0000000704100000|100%|HC|  |TAMS 0x0000000704100000, 0x0000000704000000| Complete 
|   3|0x0000000704100000, 0x0000000704200000, 0x0000000704200000|100%|HS|  |TAMS 0x0000000704200000, 0x0000000704100000| Complete 
|   4|0x0000000704200000, 0x0000000704300000, 0x0000000704300000|100%|HC|  |TAMS 0x0000000704300000, 0x0000000704200000| Complete 
|   5|0x0000000704300000, 0x0000000704400000, 0x0000000704400000|100%|HC|  |TAMS 0x0000000704400000, 0x0000000704300000| Complete 
|   6|0x0000000704400000, 0x0000000704500000, 0x0000000704500000|100%| O|  |TAMS 0x0000000704500000, 0x0000000704400000| Untracked 
|   7|0x0000000704500000, 0x0000000704600000, 0x0000000704600000|100%| O|  |TAMS 0x0000000704600000, 0x0000000704500000| Untracked 
|   8|0x0000000704600000, 0x0000000704700000, 0x0000000704700000|100%| O|  |TAMS 0x0000000704700000, 0x0000000704600000| Untracked 
|   9|0x0000000704700000, 0x0000000704800000, 0x0000000704800000|100%| O|  |TAMS 0x0000000704800000, 0x0000000704700000| Untracked 
|  10|0x0000000704800000, 0x0000000704900000, 0x0000000704900000|100%| O|  |TAMS 0x0000000704900000, 0x0000000704800000| Untracked 
|  11|0x0000000704900000, 0x0000000704a00000, 0x0000000704a00000|100%| O|  |TAMS 0x0000000704a00000, 0x0000000704900000| Untracked 
|  12|0x0000000704a00000, 0x0000000704b00000, 0x0000000704b00000|100%| O|  |TAMS 0x0000000704b00000, 0x0000000704a00000| Untracked 
|  13|0x0000000704b00000, 0x0000000704c00000, 0x0000000704c00000|100%| O|  |TAMS 0x0000000704c00000, 0x0000000704b00000| Untracked 
|  14|0x0000000704c00000, 0x0000000704d00000, 0x0000000704d00000|100%| O|  |TAMS 0x0000000704d00000, 0x0000000704c00000| Untracked 
|  15|0x0000000704d00000, 0x0000000704e00000, 0x0000000704e00000|100%| O|  |TAMS 0x0000000704e00000, 0x0000000704d00000| Untracked 
|  16|0x0000000704e00000, 0x0000000704f00000, 0x0000000704f00000|100%| O|  |TAMS 0x0000000704f00000, 0x0000000704e00000| Untracked 
|  17|0x0000000704f00000, 0x0000000705000000, 0x0000000705000000|100%| O|  |TAMS 0x0000000705000000, 0x0000000704f00000| Untracked 
|  18|0x0000000705000000, 0x0000000705100000, 0x0000000705100000|100%| O|  |TAMS 0x0000000705100000, 0x0000000705000000| Untracked 
|  19|0x0000000705100000, 0x0000000705200000, 0x0000000705200000|100%| O|  |TAMS 0x0000000705200000, 0x0000000705100000| Untracked 
|  20|0x0000000705200000, 0x0000000705300000, 0x0000000705300000|100%| O|  |TAMS 0x0000000705300000, 0x0000000705200000| Untracked 
|  21|0x0000000705300000, 0x0000000705400000, 0x0000000705400000|100%| O|  |TAMS 0x0000000705400000, 0x0000000705300000| Untracked 
|  22|0x0000000705400000, 0x0000000705500000, 0x0000000705500000|100%|HS|  |TAMS 0x0000000705500000, 0x0000000705400000| Complete 
|  23|0x0000000705500000, 0x0000000705600000, 0x0000000705600000|100%|HC|  |TAMS 0x0000000705600000, 0x0000000705500000| Complete 
|  24|0x0000000705600000, 0x0000000705700000, 0x0000000705700000|100%| O|  |TAMS 0x0000000705700000, 0x0000000705600000| Untracked 
|  25|0x0000000705700000, 0x0000000705800000, 0x0000000705800000|100%| O|  |TAMS 0x0000000705800000, 0x0000000705700000| Untracked 
|  26|0x0000000705800000, 0x0000000705900000, 0x0000000705900000|100%| O|  |TAMS 0x0000000705900000, 0x0000000705800000| Untracked 
|  27|0x0000000705900000, 0x0000000705a00000, 0x0000000705a00000|100%| O|  |TAMS 0x0000000705a00000, 0x0000000705900000| Untracked 
|  28|0x0000000705a00000, 0x0000000705b00000, 0x0000000705b00000|100%| O|  |TAMS 0x0000000705b00000, 0x0000000705a00000| Untracked 
|  29|0x0000000705b00000, 0x0000000705c00000, 0x0000000705c00000|100%| O|  |TAMS 0x0000000705c00000, 0x0000000705b00000| Untracked 
|  30|0x0000000705c00000, 0x0000000705d00000, 0x0000000705d00000|100%|HS|  |TAMS 0x0000000705d00000, 0x0000000705c00000| Complete 
|  31|0x0000000705d00000, 0x0000000705e00000, 0x0000000705e00000|100%|HC|  |TAMS 0x0000000705e00000, 0x0000000705d00000| Complete 
|  32|0x0000000705e00000, 0x0000000705f00000, 0x0000000705f00000|100%| O|  |TAMS 0x0000000705f00000, 0x0000000705e00000| Untracked 
|  33|0x0000000705f00000, 0x0000000706000000, 0x0000000706000000|100%| O|  |TAMS 0x0000000706000000, 0x0000000705f00000| Untracked 
|  34|0x0000000706000000, 0x0000000706100000, 0x0000000706100000|100%| O|  |TAMS 0x0000000706100000, 0x0000000706000000| Untracked 
|  35|0x0000000706100000, 0x0000000706200000, 0x0000000706200000|100%| O|  |TAMS 0x0000000706200000, 0x0000000706100000| Untracked 
|  36|0x0000000706200000, 0x0000000706300000, 0x0000000706300000|100%| O|  |TAMS 0x0000000706300000, 0x0000000706200000| Untracked 
|  37|0x0000000706300000, 0x0000000706400000, 0x0000000706400000|100%| O|  |TAMS 0x0000000706400000, 0x0000000706300000| Untracked 
|  38|0x0000000706400000, 0x0000000706500000, 0x0000000706500000|100%| O|  |TAMS 0x0000000706500000, 0x0000000706400000| Untracked 
|  39|0x0000000706500000, 0x0000000706600000, 0x0000000706600000|100%| O|  |TAMS 0x0000000706600000, 0x0000000706500000| Untracked 
|  40|0x0000000706600000, 0x0000000706700000, 0x0000000706700000|100%| O|  |TAMS 0x0000000706700000, 0x0000000706600000| Untracked 
|  41|0x0000000706700000, 0x0000000706800000, 0x0000000706800000|100%| O|  |TAMS 0x0000000706800000, 0x0000000706700000| Untracked 
|  42|0x0000000706800000, 0x0000000706900000, 0x0000000706900000|100%| O|  |TAMS 0x0000000706900000, 0x0000000706800000| Untracked 
|  43|0x0000000706900000, 0x0000000706a00000, 0x0000000706a00000|100%| O|  |TAMS 0x0000000706a00000, 0x0000000706900000| Untracked 
|  44|0x0000000706a00000, 0x0000000706b00000, 0x0000000706b00000|100%| O|  |TAMS 0x0000000706b00000, 0x0000000706a00000| Untracked 
|  45|0x0000000706b00000, 0x0000000706c00000, 0x0000000706c00000|100%| O|  |TAMS 0x0000000706c00000, 0x0000000706b00000| Untracked 
|  46|0x0000000706c00000, 0x0000000706d00000, 0x0000000706d00000|100%| O|  |TAMS 0x0000000706d00000, 0x0000000706c00000| Untracked 
|  47|0x0000000706d00000, 0x0000000706e00000, 0x0000000706e00000|100%| O|  |TAMS 0x0000000706e00000, 0x0000000706d00000| Untracked 
|  48|0x0000000706e00000, 0x0000000706f00000, 0x0000000706f00000|100%| O|  |TAMS 0x0000000706f00000, 0x0000000706e00000| Untracked 
|  49|0x0000000706f00000, 0x0000000707000000, 0x0000000707000000|100%| O|  |TAMS 0x0000000707000000, 0x0000000706f00000| Untracked 
|  50|0x0000000707000000, 0x0000000707100000, 0x0000000707100000|100%| O|  |TAMS 0x0000000707100000, 0x0000000707000000| Untracked 
|  51|0x0000000707100000, 0x0000000707200000, 0x0000000707200000|100%| O|  |TAMS 0x0000000707200000, 0x0000000707100000| Untracked 
|  52|0x0000000707200000, 0x0000000707300000, 0x0000000707300000|100%| O|  |TAMS 0x0000000707300000, 0x0000000707200000| Untracked 
|  53|0x0000000707300000, 0x0000000707400000, 0x0000000707400000|100%| O|  |TAMS 0x0000000707400000, 0x0000000707300000| Untracked 
|  54|0x0000000707400000, 0x0000000707500000, 0x0000000707500000|100%| O|  |TAMS 0x0000000707500000, 0x0000000707400000| Untracked 
|  55|0x0000000707500000, 0x0000000707600000, 0x0000000707600000|100%| O|  |TAMS 0x0000000707600000, 0x0000000707500000| Untracked 
|  56|0x0000000707600000, 0x0000000707700000, 0x0000000707700000|100%| O|  |TAMS 0x0000000707700000, 0x0000000707600000| Untracked 
|  57|0x0000000707700000, 0x0000000707800000, 0x0000000707800000|100%| O|  |TAMS 0x0000000707800000, 0x0000000707700000| Untracked 
|  58|0x0000000707800000, 0x0000000707900000, 0x0000000707900000|100%| O|  |TAMS 0x0000000707900000, 0x0000000707800000| Untracked 
|  59|0x0000000707900000, 0x0000000707a00000, 0x0000000707a00000|100%| O|  |TAMS 0x0000000707a00000, 0x0000000707900000| Untracked 
|  60|0x0000000707a00000, 0x0000000707b00000, 0x0000000707b00000|100%| O|  |TAMS 0x0000000707b00000, 0x0000000707a00000| Untracked 
|  61|0x0000000707b00000, 0x0000000707c00000, 0x0000000707c00000|100%| O|  |TAMS 0x0000000707c00000, 0x0000000707b00000| Untracked 
|  62|0x0000000707c00000, 0x0000000707d00000, 0x0000000707d00000|100%| O|  |TAMS 0x0000000707d00000, 0x0000000707c00000| Untracked 
|  63|0x0000000707d00000, 0x0000000707e00000, 0x0000000707e00000|100%| O|  |TAMS 0x0000000707e00000, 0x0000000707d00000| Untracked 
|  64|0x0000000707e00000, 0x0000000707f00000, 0x0000000707f00000|100%| O|  |TAMS 0x0000000707f00000, 0x0000000707e00000| Untracked 
|  65|0x0000000707f00000, 0x0000000708000000, 0x0000000708000000|100%| O|  |TAMS 0x0000000708000000, 0x0000000707f00000| Untracked 
|  66|0x0000000708000000, 0x0000000708100000, 0x0000000708100000|100%| O|  |TAMS 0x0000000708100000, 0x0000000708000000| Untracked 
|  67|0x0000000708100000, 0x0000000708200000, 0x0000000708200000|100%| O|  |TAMS 0x0000000708200000, 0x0000000708100000| Untracked 
|  68|0x0000000708200000, 0x0000000708300000, 0x0000000708300000|100%| O|  |TAMS 0x0000000708300000, 0x0000000708200000| Untracked 
|  69|0x0000000708300000, 0x0000000708400000, 0x0000000708400000|100%| O|  |TAMS 0x0000000708400000, 0x0000000708300000| Untracked 
|  70|0x0000000708400000, 0x0000000708500000, 0x0000000708500000|100%| O|  |TAMS 0x0000000708500000, 0x0000000708400000| Untracked 
|  71|0x0000000708500000, 0x0000000708600000, 0x0000000708600000|100%| O|  |TAMS 0x0000000708600000, 0x0000000708500000| Untracked 
|  72|0x0000000708600000, 0x0000000708700000, 0x0000000708700000|100%| O|  |TAMS 0x0000000708700000, 0x0000000708600000| Untracked 
|  73|0x0000000708700000, 0x0000000708800000, 0x0000000708800000|100%| O|  |TAMS 0x0000000708800000, 0x0000000708700000| Untracked 
|  74|0x0000000708800000, 0x0000000708900000, 0x0000000708900000|100%| O|  |TAMS 0x0000000708900000, 0x0000000708800000| Untracked 
|  75|0x0000000708900000, 0x0000000708a00000, 0x0000000708a00000|100%| O|  |TAMS 0x0000000708a00000, 0x0000000708900000| Untracked 
|  76|0x0000000708a00000, 0x0000000708b00000, 0x0000000708b00000|100%| O|  |TAMS 0x0000000708b00000, 0x0000000708a00000| Untracked 
|  77|0x0000000708b00000, 0x0000000708c00000, 0x0000000708c00000|100%| O|  |TAMS 0x0000000708b7f200, 0x0000000708b00000| Untracked 
|  78|0x0000000708c00000, 0x0000000708d00000, 0x0000000708d00000|100%| O|  |TAMS 0x0000000708c00000, 0x0000000708c00000| Untracked 
|  79|0x0000000708d00000, 0x0000000708e00000, 0x0000000708e00000|100%| O|  |TAMS 0x0000000708d00000, 0x0000000708d00000| Untracked 
|  80|0x0000000708e00000, 0x0000000708f00000, 0x0000000708f00000|100%| O|  |TAMS 0x0000000708e00000, 0x0000000708e00000| Untracked 
|  81|0x0000000708f00000, 0x0000000709000000, 0x0000000709000000|100%| O|  |TAMS 0x0000000708f00000, 0x0000000708f00000| Untracked 
|  82|0x0000000709000000, 0x0000000709100000, 0x0000000709100000|100%| O|  |TAMS 0x0000000709000000, 0x0000000709000000| Untracked 
|  83|0x0000000709100000, 0x0000000709200000, 0x0000000709200000|100%| O|  |TAMS 0x0000000709100000, 0x0000000709100000| Untracked 
|  84|0x0000000709200000, 0x0000000709300000, 0x0000000709300000|100%| O|  |TAMS 0x0000000709200000, 0x0000000709200000| Untracked 
|  85|0x0000000709300000, 0x0000000709400000, 0x0000000709400000|100%| O|  |TAMS 0x0000000709300000, 0x0000000709300000| Untracked 
|  86|0x0000000709400000, 0x0000000709500000, 0x0000000709500000|100%| O|  |TAMS 0x0000000709400000, 0x0000000709400000| Untracked 
|  87|0x0000000709500000, 0x0000000709600000, 0x0000000709600000|100%| O|  |TAMS 0x0000000709500000, 0x0000000709500000| Untracked 
|  88|0x0000000709600000, 0x0000000709700000, 0x0000000709700000|100%| O|  |TAMS 0x0000000709600000, 0x0000000709600000| Untracked 
|  89|0x0000000709700000, 0x0000000709800000, 0x0000000709800000|100%| O|  |TAMS 0x0000000709700000, 0x0000000709700000| Untracked 
|  90|0x0000000709800000, 0x0000000709900000, 0x0000000709900000|100%| O|  |TAMS 0x0000000709800000, 0x0000000709800000| Untracked 
|  91|0x0000000709900000, 0x0000000709a00000, 0x0000000709a00000|100%| O|  |TAMS 0x0000000709900000, 0x0000000709900000| Untracked 
|  92|0x0000000709a00000, 0x0000000709b00000, 0x0000000709b00000|100%| O|  |TAMS 0x0000000709a00000, 0x0000000709a00000| Untracked 
|  93|0x0000000709b00000, 0x0000000709c00000, 0x0000000709c00000|100%| O|  |TAMS 0x0000000709b00000, 0x0000000709b00000| Untracked 
|  94|0x0000000709c00000, 0x0000000709d00000, 0x0000000709d00000|100%| O|  |TAMS 0x0000000709c00000, 0x0000000709c00000| Untracked 
|  95|0x0000000709d00000, 0x0000000709e00000, 0x0000000709e00000|100%| O|  |TAMS 0x0000000709d00000, 0x0000000709d00000| Untracked 
|  96|0x0000000709e00000, 0x0000000709f00000, 0x0000000709f00000|100%| O|  |TAMS 0x0000000709e00000, 0x0000000709e00000| Untracked 
|  97|0x0000000709f00000, 0x000000070a000000, 0x000000070a000000|100%| O|  |TAMS 0x0000000709f00000, 0x0000000709f00000| Untracked 
|  98|0x000000070a000000, 0x000000070a100000, 0x000000070a100000|100%| O|  |TAMS 0x000000070a000000, 0x000000070a000000| Untracked 
|  99|0x000000070a100000, 0x000000070a200000, 0x000000070a200000|100%| O|  |TAMS 0x000000070a100000, 0x000000070a100000| Untracked 
| 100|0x000000070a200000, 0x000000070a300000, 0x000000070a300000|100%| O|  |TAMS 0x000000070a200000, 0x000000070a200000| Untracked 
| 101|0x000000070a300000, 0x000000070a400000, 0x000000070a400000|100%| O|  |TAMS 0x000000070a300000, 0x000000070a300000| Untracked 
| 102|0x000000070a400000, 0x000000070a500000, 0x000000070a500000|100%| O|  |TAMS 0x000000070a400000, 0x000000070a400000| Untracked 
| 103|0x000000070a500000, 0x000000070a600000, 0x000000070a600000|100%| O|  |TAMS 0x000000070a500000, 0x000000070a500000| Untracked 
| 104|0x000000070a600000, 0x000000070a700000, 0x000000070a700000|100%| O|  |TAMS 0x000000070a600000, 0x000000070a600000| Untracked 
| 105|0x000000070a700000, 0x000000070a800000, 0x000000070a800000|100%| O|  |TAMS 0x000000070a700000, 0x000000070a700000| Untracked 
| 106|0x000000070a800000, 0x000000070a900000, 0x000000070a900000|100%| O|  |TAMS 0x000000070a800000, 0x000000070a800000| Untracked 
| 107|0x000000070a900000, 0x000000070aa00000, 0x000000070aa00000|100%| O|  |TAMS 0x000000070a900000, 0x000000070a900000| Untracked 
| 108|0x000000070aa00000, 0x000000070ab00000, 0x000000070ab00000|100%| O|  |TAMS 0x000000070aa00000, 0x000000070aa00000| Untracked 
| 109|0x000000070ab00000, 0x000000070ac00000, 0x000000070ac00000|100%| O|  |TAMS 0x000000070ab00000, 0x000000070ab00000| Untracked 
| 110|0x000000070ac00000, 0x000000070ad00000, 0x000000070ad00000|100%| O|  |TAMS 0x000000070ac00000, 0x000000070ac00000| Untracked 
| 111|0x000000070ad00000, 0x000000070ae00000, 0x000000070ae00000|100%| O|  |TAMS 0x000000070ad00000, 0x000000070ad00000| Untracked 
| 112|0x000000070ae00000, 0x000000070af00000, 0x000000070af00000|100%| O|  |TAMS 0x000000070ae00000, 0x000000070ae00000| Untracked 
| 113|0x000000070af00000, 0x000000070b000000, 0x000000070b000000|100%| O|  |TAMS 0x000000070af00000, 0x000000070af00000| Untracked 
| 114|0x000000070b000000, 0x000000070b100000, 0x000000070b100000|100%| O|  |TAMS 0x000000070b000000, 0x000000070b000000| Untracked 
| 115|0x000000070b100000, 0x000000070b200000, 0x000000070b200000|100%| O|  |TAMS 0x000000070b100000, 0x000000070b100000| Untracked 
| 116|0x000000070b200000, 0x000000070b300000, 0x000000070b300000|100%| O|  |TAMS 0x000000070b200000, 0x000000070b200000| Untracked 
| 117|0x000000070b300000, 0x000000070b34d400, 0x000000070b400000| 30%| O|  |TAMS 0x000000070b300000, 0x000000070b300000| Untracked 
| 118|0x000000070b400000, 0x000000070b500000, 0x000000070b500000|100%|HS|  |TAMS 0x000000070b400000, 0x000000070b400000| Complete 
| 119|0x000000070b500000, 0x000000070b500000, 0x000000070b600000|  0%| F|  |TAMS 0x000000070b500000, 0x000000070b500000| Untracked 
| 120|0x000000070b600000, 0x000000070b600000, 0x000000070b700000|  0%| F|  |TAMS 0x000000070b600000, 0x000000070b600000| Untracked 
| 121|0x000000070b700000, 0x000000070b700000, 0x000000070b800000|  0%| F|  |TAMS 0x000000070b700000, 0x000000070b700000| Untracked 
| 122|0x000000070b800000, 0x000000070b800000, 0x000000070b900000|  0%| F|  |TAMS 0x000000070b800000, 0x000000070b800000| Untracked 
| 123|0x000000070b900000, 0x000000070b900000, 0x000000070ba00000|  0%| F|  |TAMS 0x000000070b900000, 0x000000070b900000| Untracked 
| 124|0x000000070ba00000, 0x000000070ba00000, 0x000000070bb00000|  0%| F|  |TAMS 0x000000070ba00000, 0x000000070ba00000| Untracked 
| 125|0x000000070bb00000, 0x000000070bb00000, 0x000000070bc00000|  0%| F|  |TAMS 0x000000070bb00000, 0x000000070bb00000| Untracked 
| 126|0x000000070bc00000, 0x000000070bc00000, 0x000000070bd00000|  0%| F|  |TAMS 0x000000070bc00000, 0x000000070bc00000| Untracked 
| 127|0x000000070bd00000, 0x000000070bd00000, 0x000000070be00000|  0%| F|  |TAMS 0x000000070bd00000, 0x000000070bd00000| Untracked 
| 128|0x000000070be00000, 0x000000070be00000, 0x000000070bf00000|  0%| F|  |TAMS 0x000000070be00000, 0x000000070be00000| Untracked 
| 129|0x000000070bf00000, 0x000000070bf00000, 0x000000070c000000|  0%| F|  |TAMS 0x000000070bf00000, 0x000000070bf00000| Untracked 
| 130|0x000000070c000000, 0x000000070c000000, 0x000000070c100000|  0%| F|  |TAMS 0x000000070c000000, 0x000000070c000000| Untracked 
| 131|0x000000070c100000, 0x000000070c100000, 0x000000070c200000|  0%| F|  |TAMS 0x000000070c100000, 0x000000070c100000| Untracked 
| 132|0x000000070c200000, 0x000000070c200000, 0x000000070c300000|  0%| F|  |TAMS 0x000000070c200000, 0x000000070c200000| Untracked 
| 133|0x000000070c300000, 0x000000070c300000, 0x000000070c400000|  0%| F|  |TAMS 0x000000070c300000, 0x000000070c300000| Untracked 
| 134|0x000000070c400000, 0x000000070c400000, 0x000000070c500000|  0%| F|  |TAMS 0x000000070c400000, 0x000000070c400000| Untracked 
| 135|0x000000070c500000, 0x000000070c500000, 0x000000070c600000|  0%| F|  |TAMS 0x000000070c500000, 0x000000070c500000| Untracked 
| 136|0x000000070c600000, 0x000000070c600000, 0x000000070c700000|  0%| F|  |TAMS 0x000000070c600000, 0x000000070c600000| Untracked 
| 137|0x000000070c700000, 0x000000070c700000, 0x000000070c800000|  0%| F|  |TAMS 0x000000070c700000, 0x000000070c700000| Untracked 
| 138|0x000000070c800000, 0x000000070c800000, 0x000000070c900000|  0%| F|  |TAMS 0x000000070c800000, 0x000000070c800000| Untracked 
| 139|0x000000070c900000, 0x000000070c900000, 0x000000070ca00000|  0%| F|  |TAMS 0x000000070c900000, 0x000000070c900000| Untracked 
| 140|0x000000070ca00000, 0x000000070ca00000, 0x000000070cb00000|  0%| F|  |TAMS 0x000000070ca00000, 0x000000070ca00000| Untracked 
| 141|0x000000070cb00000, 0x000000070cb00000, 0x000000070cc00000|  0%| F|  |TAMS 0x000000070cb00000, 0x000000070cb00000| Untracked 
| 142|0x000000070cc00000, 0x000000070cc00000, 0x000000070cd00000|  0%| F|  |TAMS 0x000000070cc00000, 0x000000070cc00000| Untracked 
| 143|0x000000070cd00000, 0x000000070cd00000, 0x000000070ce00000|  0%| F|  |TAMS 0x000000070cd00000, 0x000000070cd00000| Untracked 
| 144|0x000000070ce00000, 0x000000070ce00000, 0x000000070cf00000|  0%| F|  |TAMS 0x000000070ce00000, 0x000000070ce00000| Untracked 
| 145|0x000000070cf00000, 0x000000070cf00000, 0x000000070d000000|  0%| F|  |TAMS 0x000000070cf00000, 0x000000070cf00000| Untracked 
| 146|0x000000070d000000, 0x000000070d000000, 0x000000070d100000|  0%| F|  |TAMS 0x000000070d000000, 0x000000070d000000| Untracked 
| 147|0x000000070d100000, 0x000000070d100000, 0x000000070d200000|  0%| F|  |TAMS 0x000000070d100000, 0x000000070d100000| Untracked 
| 148|0x000000070d200000, 0x000000070d200000, 0x000000070d300000|  0%| F|  |TAMS 0x000000070d200000, 0x000000070d200000| Untracked 
| 149|0x000000070d300000, 0x000000070d300000, 0x000000070d400000|  0%| F|  |TAMS 0x000000070d300000, 0x000000070d300000| Untracked 
| 150|0x000000070d400000, 0x000000070d400000, 0x000000070d500000|  0%| F|  |TAMS 0x000000070d400000, 0x000000070d400000| Untracked 
| 151|0x000000070d500000, 0x000000070d500000, 0x000000070d600000|  0%| F|  |TAMS 0x000000070d500000, 0x000000070d500000| Untracked 
| 152|0x000000070d600000, 0x000000070d600000, 0x000000070d700000|  0%| F|  |TAMS 0x000000070d600000, 0x000000070d600000| Untracked 
| 153|0x000000070d700000, 0x000000070d700000, 0x000000070d800000|  0%| F|  |TAMS 0x000000070d700000, 0x000000070d700000| Untracked 
| 154|0x000000070d800000, 0x000000070d800000, 0x000000070d900000|  0%| F|  |TAMS 0x000000070d800000, 0x000000070d800000| Untracked 
| 155|0x000000070d900000, 0x000000070d900000, 0x000000070da00000|  0%| F|  |TAMS 0x000000070d900000, 0x000000070d900000| Untracked 
| 156|0x000000070da00000, 0x000000070da00000, 0x000000070db00000|  0%| F|  |TAMS 0x000000070da00000, 0x000000070da00000| Untracked 
| 157|0x000000070db00000, 0x000000070db00000, 0x000000070dc00000|  0%| F|  |TAMS 0x000000070db00000, 0x000000070db00000| Untracked 
| 158|0x000000070dc00000, 0x000000070dc00000, 0x000000070dd00000|  0%| F|  |TAMS 0x000000070dc00000, 0x000000070dc00000| Untracked 
| 159|0x000000070dd00000, 0x000000070dd00000, 0x000000070de00000|  0%| F|  |TAMS 0x000000070dd00000, 0x000000070dd00000| Untracked 
| 160|0x000000070de00000, 0x000000070de00000, 0x000000070df00000|  0%| F|  |TAMS 0x000000070de00000, 0x000000070de00000| Untracked 
| 161|0x000000070df00000, 0x000000070df00000, 0x000000070e000000|  0%| F|  |TAMS 0x000000070df00000, 0x000000070df00000| Untracked 
| 162|0x000000070e000000, 0x000000070e000000, 0x000000070e100000|  0%| F|  |TAMS 0x000000070e000000, 0x000000070e000000| Untracked 
| 163|0x000000070e100000, 0x000000070e100000, 0x000000070e200000|  0%| F|  |TAMS 0x000000070e100000, 0x000000070e100000| Untracked 
| 164|0x000000070e200000, 0x000000070e200000, 0x000000070e300000|  0%| F|  |TAMS 0x000000070e200000, 0x000000070e200000| Untracked 
| 165|0x000000070e300000, 0x000000070e300000, 0x000000070e400000|  0%| F|  |TAMS 0x000000070e300000, 0x000000070e300000| Untracked 
| 166|0x000000070e400000, 0x000000070e400000, 0x000000070e500000|  0%| F|  |TAMS 0x000000070e400000, 0x000000070e400000| Untracked 
| 167|0x000000070e500000, 0x000000070e500000, 0x000000070e600000|  0%| F|  |TAMS 0x000000070e500000, 0x000000070e500000| Untracked 
| 168|0x000000070e600000, 0x000000070e600000, 0x000000070e700000|  0%| F|  |TAMS 0x000000070e600000, 0x000000070e600000| Untracked 
| 169|0x000000070e700000, 0x000000070e700000, 0x000000070e800000|  0%| F|  |TAMS 0x000000070e700000, 0x000000070e700000| Untracked 
| 170|0x000000070e800000, 0x000000070e800000, 0x000000070e900000|  0%| F|  |TAMS 0x000000070e800000, 0x000000070e800000| Untracked 
| 171|0x000000070e900000, 0x000000070e900000, 0x000000070ea00000|  0%| F|  |TAMS 0x000000070e900000, 0x000000070e900000| Untracked 
| 172|0x000000070ea00000, 0x000000070ea00000, 0x000000070eb00000|  0%| F|  |TAMS 0x000000070ea00000, 0x000000070ea00000| Untracked 
| 173|0x000000070eb00000, 0x000000070eb00000, 0x000000070ec00000|  0%| F|  |TAMS 0x000000070eb00000, 0x000000070eb00000| Untracked 
| 174|0x000000070ec00000, 0x000000070ec00000, 0x000000070ed00000|  0%| F|  |TAMS 0x000000070ec00000, 0x000000070ec00000| Untracked 
| 175|0x000000070ed00000, 0x000000070ed00000, 0x000000070ee00000|  0%| F|  |TAMS 0x000000070ed00000, 0x000000070ed00000| Untracked 
| 176|0x000000070ee00000, 0x000000070ee00000, 0x000000070ef00000|  0%| F|  |TAMS 0x000000070ee00000, 0x000000070ee00000| Untracked 
| 177|0x000000070ef00000, 0x000000070ef00000, 0x000000070f000000|  0%| F|  |TAMS 0x000000070ef00000, 0x000000070ef00000| Untracked 
| 178|0x000000070f000000, 0x000000070f000000, 0x000000070f100000|  0%| F|  |TAMS 0x000000070f000000, 0x000000070f000000| Untracked 
| 179|0x000000070f100000, 0x000000070f100000, 0x000000070f200000|  0%| F|  |TAMS 0x000000070f100000, 0x000000070f100000| Untracked 
| 180|0x000000070f200000, 0x000000070f200000, 0x000000070f300000|  0%| F|  |TAMS 0x000000070f200000, 0x000000070f200000| Untracked 
| 181|0x000000070f300000, 0x000000070f300000, 0x000000070f400000|  0%| F|  |TAMS 0x000000070f300000, 0x000000070f300000| Untracked 
| 182|0x000000070f400000, 0x000000070f400000, 0x000000070f500000|  0%| F|  |TAMS 0x000000070f400000, 0x000000070f400000| Untracked 
| 183|0x000000070f500000, 0x000000070f500000, 0x000000070f600000|  0%| F|  |TAMS 0x000000070f500000, 0x000000070f500000| Untracked 
| 184|0x000000070f600000, 0x000000070f600000, 0x000000070f700000|  0%| F|  |TAMS 0x000000070f600000, 0x000000070f600000| Untracked 
| 185|0x000000070f700000, 0x000000070f700000, 0x000000070f800000|  0%| F|  |TAMS 0x000000070f700000, 0x000000070f700000| Untracked 
| 186|0x000000070f800000, 0x000000070f800000, 0x000000070f900000|  0%| F|  |TAMS 0x000000070f800000, 0x000000070f800000| Untracked 
| 187|0x000000070f900000, 0x000000070f900000, 0x000000070fa00000|  0%| F|  |TAMS 0x000000070f900000, 0x000000070f900000| Untracked 
| 188|0x000000070fa00000, 0x000000070fa00000, 0x000000070fb00000|  0%| F|  |TAMS 0x000000070fa00000, 0x000000070fa00000| Untracked 
| 189|0x000000070fb00000, 0x000000070fb00000, 0x000000070fc00000|  0%| F|  |TAMS 0x000000070fb00000, 0x000000070fb00000| Untracked 
| 190|0x000000070fc00000, 0x000000070fc00000, 0x000000070fd00000|  0%| F|  |TAMS 0x000000070fc00000, 0x000000070fc00000| Untracked 
| 191|0x000000070fd00000, 0x000000070fd00000, 0x000000070fe00000|  0%| F|  |TAMS 0x000000070fd00000, 0x000000070fd00000| Untracked 
| 192|0x000000070fe00000, 0x000000070fe00000, 0x000000070ff00000|  0%| F|  |TAMS 0x000000070fe00000, 0x000000070fe00000| Untracked 
| 193|0x000000070ff00000, 0x000000070ff00000, 0x0000000710000000|  0%| F|  |TAMS 0x000000070ff00000, 0x000000070ff00000| Untracked 
| 194|0x0000000710000000, 0x0000000710000000, 0x0000000710100000|  0%| F|  |TAMS 0x0000000710000000, 0x0000000710000000| Untracked 
| 195|0x0000000710100000, 0x0000000710100000, 0x0000000710200000|  0%| F|  |TAMS 0x0000000710100000, 0x0000000710100000| Untracked 
| 196|0x0000000710200000, 0x0000000710200000, 0x0000000710300000|  0%| F|  |TAMS 0x0000000710200000, 0x0000000710200000| Untracked 
| 197|0x0000000710300000, 0x0000000710300000, 0x0000000710400000|  0%| F|  |TAMS 0x0000000710300000, 0x0000000710300000| Untracked 
| 198|0x0000000710400000, 0x0000000710400000, 0x0000000710500000|  0%| F|  |TAMS 0x0000000710400000, 0x0000000710400000| Untracked 
| 199|0x0000000710500000, 0x0000000710500000, 0x0000000710600000|  0%| F|  |TAMS 0x0000000710500000, 0x0000000710500000| Untracked 
| 200|0x0000000710600000, 0x0000000710600000, 0x0000000710700000|  0%| F|  |TAMS 0x0000000710600000, 0x0000000710600000| Untracked 
| 201|0x0000000710700000, 0x0000000710700000, 0x0000000710800000|  0%| F|  |TAMS 0x0000000710700000, 0x0000000710700000| Untracked 
| 202|0x0000000710800000, 0x0000000710800000, 0x0000000710900000|  0%| F|  |TAMS 0x0000000710800000, 0x0000000710800000| Untracked 
| 203|0x0000000710900000, 0x0000000710900000, 0x0000000710a00000|  0%| F|  |TAMS 0x0000000710900000, 0x0000000710900000| Untracked 
| 204|0x0000000710a00000, 0x0000000710a00000, 0x0000000710b00000|  0%| F|  |TAMS 0x0000000710a00000, 0x0000000710a00000| Untracked 
| 205|0x0000000710b00000, 0x0000000710b00000, 0x0000000710c00000|  0%| F|  |TAMS 0x0000000710b00000, 0x0000000710b00000| Untracked 
| 206|0x0000000710c00000, 0x0000000710c00000, 0x0000000710d00000|  0%| F|  |TAMS 0x0000000710c00000, 0x0000000710c00000| Untracked 
| 207|0x0000000710d00000, 0x0000000710d00000, 0x0000000710e00000|  0%| F|  |TAMS 0x0000000710d00000, 0x0000000710d00000| Untracked 
| 208|0x0000000710e00000, 0x0000000710e00000, 0x0000000710f00000|  0%| F|  |TAMS 0x0000000710e00000, 0x0000000710e00000| Untracked 
| 209|0x0000000710f00000, 0x0000000710f00000, 0x0000000711000000|  0%| F|  |TAMS 0x0000000710f00000, 0x0000000710f00000| Untracked 
| 210|0x0000000711000000, 0x0000000711000000, 0x0000000711100000|  0%| F|  |TAMS 0x0000000711000000, 0x0000000711000000| Untracked 
| 211|0x0000000711100000, 0x0000000711100000, 0x0000000711200000|  0%| F|  |TAMS 0x0000000711100000, 0x0000000711100000| Untracked 
| 212|0x0000000711200000, 0x0000000711200000, 0x0000000711300000|  0%| F|  |TAMS 0x0000000711200000, 0x0000000711200000| Untracked 
| 213|0x0000000711300000, 0x0000000711300000, 0x0000000711400000|  0%| F|  |TAMS 0x0000000711300000, 0x0000000711300000| Untracked 
| 214|0x0000000711400000, 0x0000000711400000, 0x0000000711500000|  0%| F|  |TAMS 0x0000000711400000, 0x0000000711400000| Untracked 
| 215|0x0000000711500000, 0x0000000711500000, 0x0000000711600000|  0%| F|  |TAMS 0x0000000711500000, 0x0000000711500000| Untracked 
| 216|0x0000000711600000, 0x0000000711600000, 0x0000000711700000|  0%| F|  |TAMS 0x0000000711600000, 0x0000000711600000| Untracked 
| 217|0x0000000711700000, 0x0000000711700000, 0x0000000711800000|  0%| F|  |TAMS 0x0000000711700000, 0x0000000711700000| Untracked 
| 218|0x0000000711800000, 0x0000000711800000, 0x0000000711900000|  0%| F|  |TAMS 0x0000000711800000, 0x0000000711800000| Untracked 
| 219|0x0000000711900000, 0x0000000711900000, 0x0000000711a00000|  0%| F|  |TAMS 0x0000000711900000, 0x0000000711900000| Untracked 
| 220|0x0000000711a00000, 0x0000000711a00000, 0x0000000711b00000|  0%| F|  |TAMS 0x0000000711a00000, 0x0000000711a00000| Untracked 
| 221|0x0000000711b00000, 0x0000000711b00000, 0x0000000711c00000|  0%| F|  |TAMS 0x0000000711b00000, 0x0000000711b00000| Untracked 
| 222|0x0000000711c00000, 0x0000000711c00000, 0x0000000711d00000|  0%| F|  |TAMS 0x0000000711c00000, 0x0000000711c00000| Untracked 
| 223|0x0000000711d00000, 0x0000000711d00000, 0x0000000711e00000|  0%| F|  |TAMS 0x0000000711d00000, 0x0000000711d00000| Untracked 
| 224|0x0000000711e00000, 0x0000000711e00000, 0x0000000711f00000|  0%| F|  |TAMS 0x0000000711e00000, 0x0000000711e00000| Untracked 
| 225|0x0000000711f00000, 0x0000000711f00000, 0x0000000712000000|  0%| F|  |TAMS 0x0000000711f00000, 0x0000000711f00000| Untracked 
| 226|0x0000000712000000, 0x0000000712000000, 0x0000000712100000|  0%| F|  |TAMS 0x0000000712000000, 0x0000000712000000| Untracked 
| 227|0x0000000712100000, 0x0000000712100000, 0x0000000712200000|  0%| F|  |TAMS 0x0000000712100000, 0x0000000712100000| Untracked 
| 228|0x0000000712200000, 0x0000000712200000, 0x0000000712300000|  0%| F|  |TAMS 0x0000000712200000, 0x0000000712200000| Untracked 
| 229|0x0000000712300000, 0x0000000712300000, 0x0000000712400000|  0%| F|  |TAMS 0x0000000712300000, 0x0000000712300000| Untracked 
| 230|0x0000000712400000, 0x0000000712400000, 0x0000000712500000|  0%| F|  |TAMS 0x0000000712400000, 0x0000000712400000| Untracked 
| 231|0x0000000712500000, 0x0000000712500000, 0x0000000712600000|  0%| F|  |TAMS 0x0000000712500000, 0x0000000712500000| Untracked 
| 232|0x0000000712600000, 0x0000000712600000, 0x0000000712700000|  0%| F|  |TAMS 0x0000000712600000, 0x0000000712600000| Untracked 
| 233|0x0000000712700000, 0x0000000712700000, 0x0000000712800000|  0%| F|  |TAMS 0x0000000712700000, 0x0000000712700000| Untracked 
| 234|0x0000000712800000, 0x0000000712800000, 0x0000000712900000|  0%| F|  |TAMS 0x0000000712800000, 0x0000000712800000| Untracked 
| 235|0x0000000712900000, 0x0000000712900000, 0x0000000712a00000|  0%| F|  |TAMS 0x0000000712900000, 0x0000000712900000| Untracked 
| 236|0x0000000712a00000, 0x0000000712a00000, 0x0000000712b00000|  0%| F|  |TAMS 0x0000000712a00000, 0x0000000712a00000| Untracked 
| 237|0x0000000712b00000, 0x0000000712b00000, 0x0000000712c00000|  0%| F|  |TAMS 0x0000000712b00000, 0x0000000712b00000| Untracked 
| 238|0x0000000712c00000, 0x0000000712c00000, 0x0000000712d00000|  0%| F|  |TAMS 0x0000000712c00000, 0x0000000712c00000| Untracked 
| 239|0x0000000712d00000, 0x0000000712d00000, 0x0000000712e00000|  0%| F|  |TAMS 0x0000000712d00000, 0x0000000712d00000| Untracked 
| 240|0x0000000712e00000, 0x0000000712e00000, 0x0000000712f00000|  0%| F|  |TAMS 0x0000000712e00000, 0x0000000712e00000| Untracked 
| 241|0x0000000712f00000, 0x0000000712f00000, 0x0000000713000000|  0%| F|  |TAMS 0x0000000712f00000, 0x0000000712f00000| Untracked 
| 242|0x0000000713000000, 0x0000000713000000, 0x0000000713100000|  0%| F|  |TAMS 0x0000000713000000, 0x0000000713000000| Untracked 
| 243|0x0000000713100000, 0x0000000713100000, 0x0000000713200000|  0%| F|  |TAMS 0x0000000713100000, 0x0000000713100000| Untracked 
| 244|0x0000000713200000, 0x0000000713200000, 0x0000000713300000|  0%| F|  |TAMS 0x0000000713200000, 0x0000000713200000| Untracked 
| 245|0x0000000713300000, 0x0000000713300000, 0x0000000713400000|  0%| F|  |TAMS 0x0000000713300000, 0x0000000713300000| Untracked 
| 246|0x0000000713400000, 0x0000000713400000, 0x0000000713500000|  0%| F|  |TAMS 0x0000000713400000, 0x0000000713400000| Untracked 
| 247|0x0000000713500000, 0x0000000713500000, 0x0000000713600000|  0%| F|  |TAMS 0x0000000713500000, 0x0000000713500000| Untracked 
| 248|0x0000000713600000, 0x0000000713600000, 0x0000000713700000|  0%| F|  |TAMS 0x0000000713600000, 0x0000000713600000| Untracked 
| 249|0x0000000713700000, 0x0000000713700000, 0x0000000713800000|  0%| F|  |TAMS 0x0000000713700000, 0x0000000713700000| Untracked 
| 250|0x0000000713800000, 0x0000000713800000, 0x0000000713900000|  0%| F|  |TAMS 0x0000000713800000, 0x0000000713800000| Untracked 
| 251|0x0000000713900000, 0x0000000713900000, 0x0000000713a00000|  0%| F|  |TAMS 0x0000000713900000, 0x0000000713900000| Untracked 
| 252|0x0000000713a00000, 0x0000000713a00000, 0x0000000713b00000|  0%| F|  |TAMS 0x0000000713a00000, 0x0000000713a00000| Untracked 
| 253|0x0000000713b00000, 0x0000000713b00000, 0x0000000713c00000|  0%| F|  |TAMS 0x0000000713b00000, 0x0000000713b00000| Untracked 
| 254|0x0000000713c00000, 0x0000000713c00000, 0x0000000713d00000|  0%| F|  |TAMS 0x0000000713c00000, 0x0000000713c00000| Untracked 
| 255|0x0000000713d00000, 0x0000000713d00000, 0x0000000713e00000|  0%| F|  |TAMS 0x0000000713d00000, 0x0000000713d00000| Untracked 
| 256|0x0000000713e00000, 0x0000000713e00000, 0x0000000713f00000|  0%| F|  |TAMS 0x0000000713e00000, 0x0000000713e00000| Untracked 
| 257|0x0000000713f00000, 0x0000000713f00000, 0x0000000714000000|  0%| F|  |TAMS 0x0000000713f00000, 0x0000000713f00000| Untracked 
| 258|0x0000000714000000, 0x0000000714000000, 0x0000000714100000|  0%| F|  |TAMS 0x0000000714000000, 0x0000000714000000| Untracked 
| 259|0x0000000714100000, 0x0000000714200000, 0x0000000714200000|100%| E|  |TAMS 0x0000000714100000, 0x0000000714100000| Complete 
| 260|0x0000000714200000, 0x0000000714300000, 0x0000000714300000|100%| E|CS|TAMS 0x0000000714200000, 0x0000000714200000| Complete 
| 261|0x0000000714300000, 0x0000000714400000, 0x0000000714400000|100%| E|CS|TAMS 0x0000000714300000, 0x0000000714300000| Complete 
| 262|0x0000000714400000, 0x00000007144e7690, 0x0000000714500000| 90%| S|CS|TAMS 0x0000000714400000, 0x0000000714400000| Complete 
| 263|0x0000000714500000, 0x0000000714600000, 0x0000000714600000|100%| S|CS|TAMS 0x0000000714500000, 0x0000000714500000| Complete 
| 264|0x0000000714600000, 0x0000000714700000, 0x0000000714700000|100%| S|CS|TAMS 0x0000000714600000, 0x0000000714600000| Complete 
| 265|0x0000000714700000, 0x0000000714800000, 0x0000000714800000|100%| E|CS|TAMS 0x0000000714700000, 0x0000000714700000| Complete 
| 266|0x0000000714800000, 0x0000000714900000, 0x0000000714900000|100%| E|CS|TAMS 0x0000000714800000, 0x0000000714800000| Complete 
| 267|0x0000000714900000, 0x0000000714a00000, 0x0000000714a00000|100%| E|CS|TAMS 0x0000000714900000, 0x0000000714900000| Complete 
| 268|0x0000000714a00000, 0x0000000714b00000, 0x0000000714b00000|100%| E|CS|TAMS 0x0000000714a00000, 0x0000000714a00000| Complete 
| 269|0x0000000714b00000, 0x0000000714c00000, 0x0000000714c00000|100%| E|CS|TAMS 0x0000000714b00000, 0x0000000714b00000| Complete 
| 270|0x0000000714c00000, 0x0000000714d00000, 0x0000000714d00000|100%| E|CS|TAMS 0x0000000714c00000, 0x0000000714c00000| Complete 
| 271|0x0000000714d00000, 0x0000000714e00000, 0x0000000714e00000|100%| E|CS|TAMS 0x0000000714d00000, 0x0000000714d00000| Complete 
| 272|0x0000000714e00000, 0x0000000714f00000, 0x0000000714f00000|100%| E|CS|TAMS 0x0000000714e00000, 0x0000000714e00000| Complete 
| 273|0x0000000714f00000, 0x0000000715000000, 0x0000000715000000|100%| E|CS|TAMS 0x0000000714f00000, 0x0000000714f00000| Complete 
| 274|0x0000000715000000, 0x0000000715100000, 0x0000000715100000|100%| E|CS|TAMS 0x0000000715000000, 0x0000000715000000| Complete 
| 275|0x0000000715100000, 0x0000000715200000, 0x0000000715200000|100%| E|CS|TAMS 0x0000000715100000, 0x0000000715100000| Complete 
| 276|0x0000000715200000, 0x0000000715300000, 0x0000000715300000|100%| E|CS|TAMS 0x0000000715200000, 0x0000000715200000| Complete 
| 277|0x0000000715300000, 0x0000000715400000, 0x0000000715400000|100%| E|CS|TAMS 0x0000000715300000, 0x0000000715300000| Complete 
| 278|0x0000000715400000, 0x0000000715500000, 0x0000000715500000|100%| E|CS|TAMS 0x0000000715400000, 0x0000000715400000| Complete 
| 279|0x0000000715500000, 0x0000000715600000, 0x0000000715600000|100%| E|CS|TAMS 0x0000000715500000, 0x0000000715500000| Complete 
| 280|0x0000000715600000, 0x0000000715700000, 0x0000000715700000|100%| E|CS|TAMS 0x0000000715600000, 0x0000000715600000| Complete 
| 281|0x0000000715700000, 0x0000000715800000, 0x0000000715800000|100%| E|CS|TAMS 0x0000000715700000, 0x0000000715700000| Complete 
| 282|0x0000000715800000, 0x0000000715900000, 0x0000000715900000|100%| E|CS|TAMS 0x0000000715800000, 0x0000000715800000| Complete 
| 283|0x0000000715900000, 0x0000000715a00000, 0x0000000715a00000|100%| E|CS|TAMS 0x0000000715900000, 0x0000000715900000| Complete 
| 284|0x0000000715a00000, 0x0000000715b00000, 0x0000000715b00000|100%| E|CS|TAMS 0x0000000715a00000, 0x0000000715a00000| Complete 
| 285|0x0000000715b00000, 0x0000000715c00000, 0x0000000715c00000|100%| E|CS|TAMS 0x0000000715b00000, 0x0000000715b00000| Complete 
| 286|0x0000000715c00000, 0x0000000715d00000, 0x0000000715d00000|100%| E|CS|TAMS 0x0000000715c00000, 0x0000000715c00000| Complete 
| 287|0x0000000715d00000, 0x0000000715e00000, 0x0000000715e00000|100%| E|CS|TAMS 0x0000000715d00000, 0x0000000715d00000| Complete 
| 288|0x0000000715e00000, 0x0000000715f00000, 0x0000000715f00000|100%| E|CS|TAMS 0x0000000715e00000, 0x0000000715e00000| Complete 
| 289|0x0000000715f00000, 0x0000000716000000, 0x0000000716000000|100%| E|CS|TAMS 0x0000000715f00000, 0x0000000715f00000| Complete 
| 290|0x0000000716000000, 0x0000000716100000, 0x0000000716100000|100%| E|CS|TAMS 0x0000000716000000, 0x0000000716000000| Complete 
| 291|0x0000000716100000, 0x0000000716200000, 0x0000000716200000|100%| E|CS|TAMS 0x0000000716100000, 0x0000000716100000| Complete 
| 292|0x0000000716200000, 0x0000000716300000, 0x0000000716300000|100%| E|CS|TAMS 0x0000000716200000, 0x0000000716200000| Complete 
| 293|0x0000000716300000, 0x0000000716400000, 0x0000000716400000|100%| E|CS|TAMS 0x0000000716300000, 0x0000000716300000| Complete 
| 294|0x0000000716400000, 0x0000000716500000, 0x0000000716500000|100%| E|CS|TAMS 0x0000000716400000, 0x0000000716400000| Complete 
| 295|0x0000000716500000, 0x0000000716600000, 0x0000000716600000|100%| E|CS|TAMS 0x0000000716500000, 0x0000000716500000| Complete 
| 296|0x0000000716600000, 0x0000000716700000, 0x0000000716700000|100%| E|CS|TAMS 0x0000000716600000, 0x0000000716600000| Complete 
| 297|0x0000000716700000, 0x0000000716800000, 0x0000000716800000|100%| E|CS|TAMS 0x0000000716700000, 0x0000000716700000| Complete 
| 298|0x0000000716800000, 0x0000000716900000, 0x0000000716900000|100%| E|CS|TAMS 0x0000000716800000, 0x0000000716800000| Complete 
| 299|0x0000000716900000, 0x0000000716a00000, 0x0000000716a00000|100%| E|CS|TAMS 0x0000000716900000, 0x0000000716900000| Complete 
| 300|0x0000000716a00000, 0x0000000716b00000, 0x0000000716b00000|100%| E|CS|TAMS 0x0000000716a00000, 0x0000000716a00000| Complete 
| 301|0x0000000716b00000, 0x0000000716c00000, 0x0000000716c00000|100%| E|CS|TAMS 0x0000000716b00000, 0x0000000716b00000| Complete 
| 302|0x0000000716c00000, 0x0000000716d00000, 0x0000000716d00000|100%| E|CS|TAMS 0x0000000716c00000, 0x0000000716c00000| Complete 
| 303|0x0000000716d00000, 0x0000000716e00000, 0x0000000716e00000|100%| E|CS|TAMS 0x0000000716d00000, 0x0000000716d00000| Complete 
| 304|0x0000000716e00000, 0x0000000716f00000, 0x0000000716f00000|100%| E|CS|TAMS 0x0000000716e00000, 0x0000000716e00000| Complete 
| 305|0x0000000716f00000, 0x0000000717000000, 0x0000000717000000|100%| E|CS|TAMS 0x0000000716f00000, 0x0000000716f00000| Complete 
| 306|0x0000000717000000, 0x0000000717100000, 0x0000000717100000|100%| E|CS|TAMS 0x0000000717000000, 0x0000000717000000| Complete 
| 307|0x0000000717100000, 0x0000000717200000, 0x0000000717200000|100%| E|CS|TAMS 0x0000000717100000, 0x0000000717100000| Complete 
| 308|0x0000000717200000, 0x0000000717300000, 0x0000000717300000|100%| E|CS|TAMS 0x0000000717200000, 0x0000000717200000| Complete 
| 309|0x0000000717300000, 0x0000000717400000, 0x0000000717400000|100%| E|CS|TAMS 0x0000000717300000, 0x0000000717300000| Complete 
| 310|0x0000000717400000, 0x0000000717500000, 0x0000000717500000|100%| E|CS|TAMS 0x0000000717400000, 0x0000000717400000| Complete 
| 311|0x0000000717500000, 0x0000000717600000, 0x0000000717600000|100%| E|CS|TAMS 0x0000000717500000, 0x0000000717500000| Complete 
| 312|0x0000000717600000, 0x0000000717700000, 0x0000000717700000|100%| E|CS|TAMS 0x0000000717600000, 0x0000000717600000| Complete 
| 313|0x0000000717700000, 0x0000000717800000, 0x0000000717800000|100%| E|CS|TAMS 0x0000000717700000, 0x0000000717700000| Complete 
| 314|0x0000000717800000, 0x0000000717900000, 0x0000000717900000|100%| E|CS|TAMS 0x0000000717800000, 0x0000000717800000| Complete 
| 315|0x0000000717900000, 0x0000000717a00000, 0x0000000717a00000|100%| E|CS|TAMS 0x0000000717900000, 0x0000000717900000| Complete 
| 316|0x0000000717a00000, 0x0000000717b00000, 0x0000000717b00000|100%| E|CS|TAMS 0x0000000717a00000, 0x0000000717a00000| Complete 
| 317|0x0000000717b00000, 0x0000000717c00000, 0x0000000717c00000|100%| E|CS|TAMS 0x0000000717b00000, 0x0000000717b00000| Complete 
| 318|0x0000000717c00000, 0x0000000717d00000, 0x0000000717d00000|100%| E|CS|TAMS 0x0000000717c00000, 0x0000000717c00000| Complete 
| 319|0x0000000717d00000, 0x0000000717e00000, 0x0000000717e00000|100%| E|CS|TAMS 0x0000000717d00000, 0x0000000717d00000| Complete 
| 320|0x0000000717e00000, 0x0000000717f00000, 0x0000000717f00000|100%| E|CS|TAMS 0x0000000717e00000, 0x0000000717e00000| Complete 
| 321|0x0000000717f00000, 0x0000000718000000, 0x0000000718000000|100%| E|CS|TAMS 0x0000000717f00000, 0x0000000717f00000| Complete 
| 322|0x0000000718000000, 0x0000000718100000, 0x0000000718100000|100%| E|CS|TAMS 0x0000000718000000, 0x0000000718000000| Complete 
| 323|0x0000000718100000, 0x0000000718200000, 0x0000000718200000|100%| E|CS|TAMS 0x0000000718100000, 0x0000000718100000| Complete 
| 324|0x0000000718200000, 0x0000000718300000, 0x0000000718300000|100%| E|CS|TAMS 0x0000000718200000, 0x0000000718200000| Complete 
| 325|0x0000000718300000, 0x0000000718400000, 0x0000000718400000|100%| E|CS|TAMS 0x0000000718300000, 0x0000000718300000| Complete 
| 326|0x0000000718400000, 0x0000000718500000, 0x0000000718500000|100%| E|CS|TAMS 0x0000000718400000, 0x0000000718400000| Complete 
| 327|0x0000000718500000, 0x0000000718600000, 0x0000000718600000|100%| E|CS|TAMS 0x0000000718500000, 0x0000000718500000| Complete 
| 328|0x0000000718600000, 0x0000000718700000, 0x0000000718700000|100%| E|CS|TAMS 0x0000000718600000, 0x0000000718600000| Complete 
| 329|0x0000000718700000, 0x0000000718800000, 0x0000000718800000|100%| E|CS|TAMS 0x0000000718700000, 0x0000000718700000| Complete 
| 330|0x0000000718800000, 0x0000000718900000, 0x0000000718900000|100%| E|CS|TAMS 0x0000000718800000, 0x0000000718800000| Complete 
| 331|0x0000000718900000, 0x0000000718a00000, 0x0000000718a00000|100%| E|CS|TAMS 0x0000000718900000, 0x0000000718900000| Complete 
| 332|0x0000000718a00000, 0x0000000718b00000, 0x0000000718b00000|100%| E|CS|TAMS 0x0000000718a00000, 0x0000000718a00000| Complete 
| 333|0x0000000718b00000, 0x0000000718c00000, 0x0000000718c00000|100%| E|CS|TAMS 0x0000000718b00000, 0x0000000718b00000| Complete 
| 334|0x0000000718c00000, 0x0000000718d00000, 0x0000000718d00000|100%| E|CS|TAMS 0x0000000718c00000, 0x0000000718c00000| Complete 
| 335|0x0000000718d00000, 0x0000000718e00000, 0x0000000718e00000|100%| E|CS|TAMS 0x0000000718d00000, 0x0000000718d00000| Complete 
| 336|0x0000000718e00000, 0x0000000718f00000, 0x0000000718f00000|100%| E|CS|TAMS 0x0000000718e00000, 0x0000000718e00000| Complete 
| 337|0x0000000718f00000, 0x0000000719000000, 0x0000000719000000|100%| E|CS|TAMS 0x0000000718f00000, 0x0000000718f00000| Complete 
| 338|0x0000000719000000, 0x0000000719100000, 0x0000000719100000|100%| E|CS|TAMS 0x0000000719000000, 0x0000000719000000| Complete 
| 339|0x0000000719100000, 0x0000000719200000, 0x0000000719200000|100%| E|CS|TAMS 0x0000000719100000, 0x0000000719100000| Complete 
| 340|0x0000000719200000, 0x0000000719300000, 0x0000000719300000|100%| E|CS|TAMS 0x0000000719200000, 0x0000000719200000| Complete 
| 341|0x0000000719300000, 0x0000000719400000, 0x0000000719400000|100%| E|CS|TAMS 0x0000000719300000, 0x0000000719300000| Complete 
| 342|0x0000000719400000, 0x0000000719500000, 0x0000000719500000|100%| E|CS|TAMS 0x0000000719400000, 0x0000000719400000| Complete 
| 343|0x0000000719500000, 0x0000000719600000, 0x0000000719600000|100%| E|CS|TAMS 0x0000000719500000, 0x0000000719500000| Complete 
| 344|0x0000000719600000, 0x0000000719700000, 0x0000000719700000|100%| E|CS|TAMS 0x0000000719600000, 0x0000000719600000| Complete 
| 345|0x0000000719700000, 0x0000000719800000, 0x0000000719800000|100%| E|CS|TAMS 0x0000000719700000, 0x0000000719700000| Complete 
| 346|0x0000000719800000, 0x0000000719900000, 0x0000000719900000|100%| E|CS|TAMS 0x0000000719800000, 0x0000000719800000| Complete 
| 347|0x0000000719900000, 0x0000000719a00000, 0x0000000719a00000|100%| E|CS|TAMS 0x0000000719900000, 0x0000000719900000| Complete 
| 348|0x0000000719a00000, 0x0000000719b00000, 0x0000000719b00000|100%| E|CS|TAMS 0x0000000719a00000, 0x0000000719a00000| Complete 
| 349|0x0000000719b00000, 0x0000000719c00000, 0x0000000719c00000|100%| E|CS|TAMS 0x0000000719b00000, 0x0000000719b00000| Complete 
| 350|0x0000000719c00000, 0x0000000719d00000, 0x0000000719d00000|100%| E|CS|TAMS 0x0000000719c00000, 0x0000000719c00000| Complete 
| 351|0x0000000719d00000, 0x0000000719e00000, 0x0000000719e00000|100%| E|CS|TAMS 0x0000000719d00000, 0x0000000719d00000| Complete 
| 352|0x0000000719e00000, 0x0000000719f00000, 0x0000000719f00000|100%| E|CS|TAMS 0x0000000719e00000, 0x0000000719e00000| Complete 
| 353|0x0000000719f00000, 0x000000071a000000, 0x000000071a000000|100%| E|CS|TAMS 0x0000000719f00000, 0x0000000719f00000| Complete 
| 354|0x000000071a000000, 0x000000071a100000, 0x000000071a100000|100%| E|CS|TAMS 0x000000071a000000, 0x000000071a000000| Complete 
| 355|0x000000071a100000, 0x000000071a200000, 0x000000071a200000|100%| E|CS|TAMS 0x000000071a100000, 0x000000071a100000| Complete 
| 356|0x000000071a200000, 0x000000071a300000, 0x000000071a300000|100%| E|CS|TAMS 0x000000071a200000, 0x000000071a200000| Complete 
| 357|0x000000071a300000, 0x000000071a400000, 0x000000071a400000|100%| E|CS|TAMS 0x000000071a300000, 0x000000071a300000| Complete 
| 358|0x000000071a400000, 0x000000071a500000, 0x000000071a500000|100%| E|CS|TAMS 0x000000071a400000, 0x000000071a400000| Complete 
| 359|0x000000071a500000, 0x000000071a600000, 0x000000071a600000|100%| E|CS|TAMS 0x000000071a500000, 0x000000071a500000| Complete 
| 360|0x000000071a600000, 0x000000071a700000, 0x000000071a700000|100%| E|CS|TAMS 0x000000071a600000, 0x000000071a600000| Complete 
| 361|0x000000071a700000, 0x000000071a800000, 0x000000071a800000|100%| E|CS|TAMS 0x000000071a700000, 0x000000071a700000| Complete 
| 362|0x000000071a800000, 0x000000071a900000, 0x000000071a900000|100%| E|CS|TAMS 0x000000071a800000, 0x000000071a800000| Complete 
| 363|0x000000071a900000, 0x000000071aa00000, 0x000000071aa00000|100%| E|CS|TAMS 0x000000071a900000, 0x000000071a900000| Complete 
| 364|0x000000071aa00000, 0x000000071ab00000, 0x000000071ab00000|100%| E|CS|TAMS 0x000000071aa00000, 0x000000071aa00000| Complete 
| 365|0x000000071ab00000, 0x000000071ac00000, 0x000000071ac00000|100%| E|CS|TAMS 0x000000071ab00000, 0x000000071ab00000| Complete 
| 366|0x000000071ac00000, 0x000000071ad00000, 0x000000071ad00000|100%| E|CS|TAMS 0x000000071ac00000, 0x000000071ac00000| Complete 
| 367|0x000000071ad00000, 0x000000071ae00000, 0x000000071ae00000|100%| E|CS|TAMS 0x000000071ad00000, 0x000000071ad00000| Complete 
| 368|0x000000071ae00000, 0x000000071af00000, 0x000000071af00000|100%| E|CS|TAMS 0x000000071ae00000, 0x000000071ae00000| Complete 

Card table byte_map: [0x000001e799470000,0x000001e799c60000] _byte_map_base: 0x000001e795c51000

Marking Bits (Prev, Next): (CMBitMap*) 0x000001e78576bc20, (CMBitMap*) 0x000001e78576bbe8
 Prev Bits: [0x000001e79e360000, 0x000001e7a2268000)
 Next Bits: [0x000001e79a450000, 0x000001e79e358000)

Polling page: 0x000001e783d30000

Metaspace:

Usage:
  Non-class:     62.04 MB capacity,    61.51 MB (>99%) used,   416.87 KB ( <1%) free+waste,   126.88 KB ( <1%) overhead. 
      Class:      7.79 MB capacity,     7.45 MB ( 96%) used,   292.44 KB (  4%) free+waste,    52.88 KB ( <1%) overhead. 
       Both:     69.83 MB capacity,    68.96 MB ( 99%) used,   709.30 KB ( <1%) free+waste,   179.75 KB ( <1%) overhead. 

Virtual space:
  Non-class space:       64.00 MB reserved,      62.25 MB ( 97%) committed 
      Class space:        1.00 GB reserved,       7.88 MB ( <1%) committed 
             Both:        1.06 GB reserved,      70.13 MB (  6%) committed 

Chunk freelists:
   Non-Class:  23.00 KB
       Class:  0 bytes
        Both:  23.00 KB

MaxMetaspaceSize: 17179869184.00 GB
CompressedClassSpaceSize: 1.00 GB
Initial GC threshold: 20.80 MB
Current GC threshold: 97.50 MB
CDS: off

CodeHeap 'non-profiled nmethods': size=120000Kb used=8388Kb max_used=8388Kb free=111611Kb
 bounds [0x000001e790cf0000, 0x000001e791530000, 0x000001e798220000]
CodeHeap 'profiled nmethods': size=120000Kb used=38849Kb max_used=39830Kb free=81150Kb
 bounds [0x000001e7897c0000, 0x000001e78bed0000, 0x000001e790cf0000]
CodeHeap 'non-nmethods': size=5760Kb used=1315Kb max_used=1370Kb free=4444Kb
 bounds [0x000001e789220000, 0x000001e789490000, 0x000001e7897c0000]
 total_blobs=13550 nmethods=12960 adapters=500
 compilation: enabled
              stopped_count=0, restarted_count=0
 full_count=0

Compilation events (20 events):
Event: 24.690 Thread 0x000001e7a5711800 14013       4       org.jetbrains.kotlin.resolve.DescriptorUtils::getFqNameUnsafe (76 bytes)
Event: 24.704 Thread 0x000001e7a5711800 nmethod 14013 0x000001e790e6af10 code [0x000001e790e6b0e0, 0x000001e790e6b8a8]
Event: 24.704 Thread 0x000001e7a5711800 14050       4       org.jetbrains.kotlin.serialization.deserialization.descriptors.DeserializedPackageMemberScope::hasClass (116 bytes)
Event: 24.710 Thread 0x000001e7a4e16800 14051       3       org.jetbrains.kotlin.resolve.scopes.receivers.QualifierReceiver$DefaultImpls::getClassValueReceiverWithSmartCastInfo (35 bytes)
Event: 24.710 Thread 0x000001e7a4e16800 nmethod 14051 0x000001e789fbf490 code [0x000001e789fbf6a0, 0x000001e789fbfb58]
Event: 24.717 Thread 0x000001e7a4e16800 14053       3       org.jetbrains.kotlin.resolve.calls.inference.components.TypeVariableDependencyInformationProvider::computeConstraintEdges (142 bytes)
Event: 24.721 Thread 0x000001e7a4e16800 nmethod 14053 0x000001e78984a090 code [0x000001e78984a640, 0x000001e78984d688]
Event: 24.721 Thread 0x000001e7a4e16800 14054       3       org.jetbrains.kotlin.resolve.calls.inference.components.TypeVariableDependencyInformationProvider::computePostponeArgumentsEdges (141 bytes)
Event: 24.722 Thread 0x000001e7a4e16800 nmethod 14054 0x000001e789e57b90 code [0x000001e789e57f20, 0x000001e789e59df8]
Event: 24.722 Thread 0x000001e7a4e16800 14055       3       org.jetbrains.kotlin.resolve.calls.inference.components.TypeVariableDependencyInformationProvider::computeRelatedToAllOutputTypes (73 bytes)
Event: 24.723 Thread 0x000001e7a4e16800 nmethod 14055 0x000001e789ca4210 code [0x000001e789ca44a0, 0x000001e789ca52e8]
Event: 24.723 Thread 0x000001e7a4e16800 14056       3       org.jetbrains.kotlin.cfg.ControlFlowBuilderAdapter::magic (34 bytes)
Event: 24.724 Thread 0x000001e7a4e16800 nmethod 14056 0x000001e789cff490 code [0x000001e789cff7c0, 0x000001e789d00898]
Event: 24.726 Thread 0x000001e7a4e16800 14057       3       org.jetbrains.kotlin.cfg.ControlFlowBuilderAdapter::createUnboundLabel (17 bytes)
Event: 24.726 Thread 0x000001e7a4e16800 nmethod 14057 0x000001e789977d90 code [0x000001e789977fe0, 0x000001e789978718]
Event: 24.727 Thread 0x000001e7a4e16800 14058       3       org.jetbrains.kotlin.cfg.pseudocode.PseudocodeImpl::access$getJumpTarget (6 bytes)
Event: 24.727 Thread 0x000001e7a4e16800 nmethod 14058 0x000001e789edc510 code [0x000001e789edc6e0, 0x000001e789edc8a8]
Event: 24.727 Thread 0x000001e7a4e16800 14059       3       org.jetbrains.kotlin.cfg.pseudocode.PseudocodeImpl::getJumpTarget (7 bytes)
Event: 24.727 Thread 0x000001e7a4e16800 nmethod 14059 0x000001e78a007710 code [0x000001e78a0078e0, 0x000001e78a007a68]
Event: 24.728 Thread 0x000001e7a4e16800 14060       3       org.jetbrains.kotlin.cfg.ControlFlowProcessor$CFPVisitor::generateValueArgument (70 bytes)

GC Heap History (20 events):
Event: 3.376 GC heap before
{Heap before GC invocations=3 (full 0):
 garbage-first heap   total 260096K, used 67914K [0x0000000703e00000, 0x0000000800000000)
  region size 1024K, 59 young (60416K), 7 survivors (7168K)
 Metaspace       used 31558K, capacity 32055K, committed 32384K, reserved 1077248K
  class space    used 3755K, capacity 3935K, committed 3968K, reserved 1048576K
}
Event: 3.393 GC heap after
{Heap after GC invocations=4 (full 0):
 garbage-first heap   total 260096K, used 22293K [0x0000000703e00000, 0x0000000800000000)
  region size 1024K, 8 young (8192K), 8 survivors (8192K)
 Metaspace       used 31558K, capacity 32055K, committed 32384K, reserved 1077248K
  class space    used 3755K, capacity 3935K, committed 3968K, reserved 1048576K
}
Event: 3.525 GC heap before
{Heap before GC invocations=4 (full 0):
 garbage-first heap   total 260096K, used 26389K [0x0000000703e00000, 0x0000000800000000)
  region size 1024K, 12 young (12288K), 8 survivors (8192K)
 Metaspace       used 31970K, capacity 32443K, committed 32768K, reserved 1077248K
  class space    used 3799K, capacity 4000K, committed 4096K, reserved 1048576K
}
Event: 3.535 GC heap after
{Heap after GC invocations=5 (full 0):
 garbage-first heap   total 260096K, used 24001K [0x0000000703e00000, 0x0000000800000000)
  region size 1024K, 2 young (2048K), 2 survivors (2048K)
 Metaspace       used 31970K, capacity 32443K, committed 32768K, reserved 1077248K
  class space    used 3799K, capacity 4000K, committed 4096K, reserved 1048576K
}
Event: 3.982 GC heap before
{Heap before GC invocations=5 (full 0):
 garbage-first heap   total 260096K, used 41409K [0x0000000703e00000, 0x0000000800000000)
  region size 1024K, 20 young (20480K), 2 survivors (2048K)
 Metaspace       used 34861K, capacity 35361K, committed 35584K, reserved 1081344K
  class space    used 4334K, capacity 4546K, committed 4608K, reserved 1048576K
}
Event: 3.985 GC heap after
{Heap after GC invocations=6 (full 0):
 garbage-first heap   total 260096K, used 25029K [0x0000000703e00000, 0x0000000800000000)
  region size 1024K, 3 young (3072K), 3 survivors (3072K)
 Metaspace       used 34861K, capacity 35361K, committed 35584K, reserved 1081344K
  class space    used 4334K, capacity 4546K, committed 4608K, reserved 1048576K
}
Event: 6.793 GC heap before
{Heap before GC invocations=7 (full 0):
 garbage-first heap   total 260096K, used 127429K [0x0000000703e00000, 0x0000000800000000)
  region size 1024K, 101 young (103424K), 3 survivors (3072K)
 Metaspace       used 49160K, capacity 49744K, committed 49920K, reserved 1093632K
  class space    used 5782K, capacity 6027K, committed 6144K, reserved 1048576K
}
Event: 6.811 GC heap after
{Heap after GC invocations=8 (full 0):
 garbage-first heap   total 260096K, used 41222K [0x0000000703e00000, 0x0000000800000000)
  region size 1024K, 13 young (13312K), 13 survivors (13312K)
 Metaspace       used 49160K, capacity 49744K, committed 49920K, reserved 1093632K
  class space    used 5782K, capacity 6027K, committed 6144K, reserved 1048576K
}
Event: 9.421 GC heap before
{Heap before GC invocations=8 (full 0):
 garbage-first heap   total 260096K, used 139526K [0x0000000703e00000, 0x0000000800000000)
  region size 1024K, 106 young (108544K), 13 survivors (13312K)
 Metaspace       used 54587K, capacity 55309K, committed 55424K, reserved 1097728K
  class space    used 6211K, capacity 6516K, committed 6528K, reserved 1048576K
}
Event: 9.454 GC heap after
{Heap after GC invocations=9 (full 0):
 garbage-first heap   total 312320K, used 60555K [0x0000000703e00000, 0x0000000800000000)
  region size 1024K, 14 young (14336K), 14 survivors (14336K)
 Metaspace       used 54587K, capacity 55309K, committed 55424K, reserved 1097728K
  class space    used 6211K, capacity 6516K, committed 6528K, reserved 1048576K
}
Event: 12.520 GC heap before
{Heap before GC invocations=9 (full 0):
 garbage-first heap   total 312320K, used 133259K [0x0000000703e00000, 0x0000000800000000)
  region size 1024K, 85 young (87040K), 14 survivors (14336K)
 Metaspace       used 58427K, capacity 59186K, committed 59392K, reserved 1101824K
  class space    used 6527K, capacity 6833K, committed 6912K, reserved 1048576K
}
Event: 12.592 GC heap after
{Heap after GC invocations=10 (full 0):
 garbage-first heap   total 312320K, used 77824K [0x0000000703e00000, 0x0000000800000000)
  region size 1024K, 11 young (11264K), 11 survivors (11264K)
 Metaspace       used 58427K, capacity 59186K, committed 59392K, reserved 1101824K
  class space    used 6527K, capacity 6833K, committed 6912K, reserved 1048576K
}
Event: 13.622 GC heap before
{Heap before GC invocations=10 (full 0):
 garbage-first heap   total 312320K, used 107520K [0x0000000703e00000, 0x0000000800000000)
  region size 1024K, 41 young (41984K), 11 survivors (11264K)
 Metaspace       used 58829K, capacity 59525K, committed 59648K, reserved 1101824K
  class space    used 6537K, capacity 6837K, committed 6912K, reserved 1048576K
}
Event: 13.642 GC heap after
{Heap after GC invocations=11 (full 0):
 garbage-first heap   total 312320K, used 88545K [0x0000000703e00000, 0x0000000800000000)
  region size 1024K, 9 young (9216K), 9 survivors (9216K)
 Metaspace       used 58829K, capacity 59525K, committed 59648K, reserved 1101824K
  class space    used 6537K, capacity 6837K, committed 6912K, reserved 1048576K
}
Event: 15.556 GC heap before
{Heap before GC invocations=12 (full 0):
 garbage-first heap   total 312320K, used 175585K [0x0000000703e00000, 0x0000000800000000)
  region size 1024K, 94 young (96256K), 9 survivors (9216K)
 Metaspace       used 60245K, capacity 61024K, committed 61312K, reserved 1103872K
  class space    used 6652K, capacity 6974K, committed 7040K, reserved 1048576K
}
Event: 15.582 GC heap after
{Heap after GC invocations=13 (full 0):
 garbage-first heap   total 312320K, used 105182K [0x0000000703e00000, 0x0000000800000000)
  region size 1024K, 12 young (12288K), 12 survivors (12288K)
 Metaspace       used 60245K, capacity 61024K, committed 61312K, reserved 1103872K
  class space    used 6652K, capacity 6974K, committed 7040K, reserved 1048576K
}
Event: 16.464 GC heap before
{Heap before GC invocations=13 (full 0):
 garbage-first heap   total 312320K, used 192222K [0x0000000703e00000, 0x0000000800000000)
  region size 1024K, 97 young (99328K), 12 survivors (12288K)
 Metaspace       used 60497K, capacity 61293K, committed 61568K, reserved 1103872K
  class space    used 6667K, capacity 6978K, committed 7040K, reserved 1048576K
}
Event: 16.493 GC heap after
{Heap after GC invocations=14 (full 0):
 garbage-first heap   total 377856K, used 119808K [0x0000000703e00000, 0x0000000800000000)
  region size 1024K, 13 young (13312K), 13 survivors (13312K)
 Metaspace       used 60497K, capacity 61293K, committed 61568K, reserved 1103872K
  class space    used 6667K, capacity 6978K, committed 7040K, reserved 1048576K
}
Event: 17.866 GC heap before
{Heap before GC invocations=14 (full 0):
 garbage-first heap   total 377856K, used 226304K [0x0000000703e00000, 0x0000000800000000)
  region size 1024K, 117 young (119808K), 13 survivors (13312K)
 Metaspace       used 64631K, capacity 65507K, committed 65664K, reserved 1107968K
  class space    used 7221K, capacity 7549K, committed 7552K, reserved 1048576K
}
Event: 17.900 GC heap after
{Heap after GC invocations=15 (full 0):
 garbage-first heap   total 377856K, used 123090K [0x0000000703e00000, 0x0000000800000000)
  region size 1024K, 3 young (3072K), 3 survivors (3072K)
 Metaspace       used 64631K, capacity 65507K, committed 65664K, reserved 1107968K
  class space    used 7221K, capacity 7549K, committed 7552K, reserved 1048576K
}

Deoptimization events (20 events):
Event: 24.601 Thread 0x000001e78570a000 Uncommon trap: trap_request=0xffffff4d fr.pc=0x000001e791498ba0 relative=0x0000000000000f80
Event: 24.601 Thread 0x000001e78570a000 Uncommon trap: reason=unstable_if action=reinterpret pc=0x000001e791498ba0 method=org.jetbrains.kotlin.builtins.functions.BuiltInFictitiousFunctionClassFactory.shouldCreateClass(Lorg/jetbrains/kotlin/name/FqName;Lorg/jetbrains/kotlin/name/Name;)Z @ 56 c2
Event: 24.601 Thread 0x000001e78570a000 DEOPT PACKING pc=0x000001e791498ba0 sp=0x0000001d029fa6c0
Event: 24.601 Thread 0x000001e78570a000 DEOPT UNPACKING pc=0x000001e78926a1af sp=0x0000001d029fa5c8 mode 2
Event: 24.671 Thread 0x000001e78570a000 Uncommon trap: trap_request=0xffffffc6 fr.pc=0x000001e791373110 relative=0x00000000000002b0
Event: 24.671 Thread 0x000001e78570a000 Uncommon trap: reason=bimorphic_or_optimized_type_check action=maybe_recompile pc=0x000001e791373110 method=org.jetbrains.kotlin.com.intellij.extapi.psi.ASTDelegatePsiElement.findChildByType(Lorg/jetbrains/kotlin/com/intellij/psi/tree/IElementType;)Lorg/j
Event: 24.671 Thread 0x000001e78570a000 DEOPT PACKING pc=0x000001e791373110 sp=0x0000001d029f9d10
Event: 24.671 Thread 0x000001e78570a000 DEOPT UNPACKING pc=0x000001e78926a1af sp=0x0000001d029f9cc8 mode 2
Event: 24.671 Thread 0x000001e78570a000 Uncommon trap: trap_request=0xffffffc6 fr.pc=0x000001e791373110 relative=0x00000000000002b0
Event: 24.671 Thread 0x000001e78570a000 Uncommon trap: reason=bimorphic_or_optimized_type_check action=maybe_recompile pc=0x000001e791373110 method=org.jetbrains.kotlin.com.intellij.extapi.psi.ASTDelegatePsiElement.findChildByType(Lorg/jetbrains/kotlin/com/intellij/psi/tree/IElementType;)Lorg/j
Event: 24.671 Thread 0x000001e78570a000 DEOPT PACKING pc=0x000001e791373110 sp=0x0000001d029f9c40
Event: 24.671 Thread 0x000001e78570a000 DEOPT UNPACKING pc=0x000001e78926a1af sp=0x0000001d029f9bf8 mode 2
Event: 24.717 Thread 0x000001e78570a000 Uncommon trap: trap_request=0xffffffc6 fr.pc=0x000001e791373110 relative=0x00000000000002b0
Event: 24.717 Thread 0x000001e78570a000 Uncommon trap: reason=bimorphic_or_optimized_type_check action=maybe_recompile pc=0x000001e791373110 method=org.jetbrains.kotlin.com.intellij.extapi.psi.ASTDelegatePsiElement.findChildByType(Lorg/jetbrains/kotlin/com/intellij/psi/tree/IElementType;)Lorg/j
Event: 24.717 Thread 0x000001e78570a000 DEOPT PACKING pc=0x000001e791373110 sp=0x0000001d029f9b00
Event: 24.717 Thread 0x000001e78570a000 DEOPT UNPACKING pc=0x000001e78926a1af sp=0x0000001d029f9ab8 mode 2
Event: 24.725 Thread 0x000001e78570a000 Uncommon trap: trap_request=0xffffffc6 fr.pc=0x000001e791373110 relative=0x00000000000002b0
Event: 24.725 Thread 0x000001e78570a000 Uncommon trap: reason=bimorphic_or_optimized_type_check action=maybe_recompile pc=0x000001e791373110 method=org.jetbrains.kotlin.com.intellij.extapi.psi.ASTDelegatePsiElement.findChildByType(Lorg/jetbrains/kotlin/com/intellij/psi/tree/IElementType;)Lorg/j
Event: 24.725 Thread 0x000001e78570a000 DEOPT PACKING pc=0x000001e791373110 sp=0x0000001d029fc210
Event: 24.725 Thread 0x000001e78570a000 DEOPT UNPACKING pc=0x000001e78926a1af sp=0x0000001d029fc1c8 mode 2

Classes redefined (0 events):
No events

Internal exceptions (20 events):
Event: 18.875 Thread 0x000001e78570a000 Exception <a 'java/lang/NoSuchMethodError'{0x000000071a259868}: 'java.lang.Object java.lang.invoke.Invokers$Holder.linkToTargetMethod(java.lang.Object, java.lang.Object, java.lang.Object, java.lang.Object, java.lang.Object, java.lang.Object, java.lang.Object)'> (0x000000071a259868) thrown at [./src/hotspot/share/interpreter/linkResolver.cpp, line 773]
Event: 19.583 Thread 0x000001e78570a000 Exception <a 'java/lang/NoSuchMethodError'{0x0000000719812c38}: 'int java.lang.invoke.DirectMethodHandle$Holder.invokeStaticInit(java.lang.Object, int)'> (0x0000000719812c38) thrown at [./src/hotspot/share/interpreter/linkResolver.cpp, line 773]
Event: 19.721 Thread 0x000001e78570a000 Implicit null exception at 0x000001e7911013b3 to 0x000001e791105ddc
Event: 19.721 Thread 0x000001e78570a000 Implicit null exception at 0x000001e7911013b3 to 0x000001e791105ddc
Event: 19.721 Thread 0x000001e78570a000 Implicit null exception at 0x000001e7911013b3 to 0x000001e791105ddc
Event: 19.721 Thread 0x000001e78570a000 Implicit null exception at 0x000001e7911013b3 to 0x000001e791105ddc
Event: 19.721 Thread 0x000001e78570a000 Implicit null exception at 0x000001e7911013b3 to 0x000001e791105ddc
Event: 19.721 Thread 0x000001e78570a000 Implicit null exception at 0x000001e7911013b3 to 0x000001e791105ddc
Event: 19.721 Thread 0x000001e78570a000 Implicit null exception at 0x000001e7911013b3 to 0x000001e791105ddc
Event: 19.721 Thread 0x000001e78570a000 Implicit null exception at 0x000001e7911013b3 to 0x000001e791105ddc
Event: 19.722 Thread 0x000001e78570a000 Implicit null exception at 0x000001e7911013b3 to 0x000001e791105ddc
Event: 19.722 Thread 0x000001e78570a000 Implicit null exception at 0x000001e7911013b3 to 0x000001e791105ddc
Event: 19.722 Thread 0x000001e78570a000 Implicit null exception at 0x000001e7911013b3 to 0x000001e791105ddc
Event: 19.722 Thread 0x000001e78570a000 Implicit null exception at 0x000001e79110cc8b to 0x000001e79111210c
Event: 19.724 Thread 0x000001e78570a000 Implicit null exception at 0x000001e790d0c577 to 0x000001e790d0ca84
Event: 19.747 Thread 0x000001e78570a000 Exception <a 'java/lang/NoSuchMethodError'{0x000000071955a018}: 'java.lang.Object java.lang.invoke.DirectMethodHandle$Holder.invokeInterface(java.lang.Object, java.lang.Object, java.lang.Object)'> (0x000000071955a018) thrown at [./src/hotspot/share/interpreter/linkResolver.cpp, line 773]
Event: 19.748 Thread 0x000001e78570a000 Exception <a 'java/lang/IncompatibleClassChangeError'{0x000000071955d248}: Found class java.lang.Object, but interface was expected> (0x000000071955d248) thrown at [./src/hotspot/share/interpreter/linkResolver.cpp, line 839]
Event: 19.763 Thread 0x000001e78570a000 Implicit null exception at 0x000001e790d0f974 to 0x000001e790d0fe9c
Event: 21.724 Thread 0x000001e78570a000 Implicit null exception at 0x000001e790d49d75 to 0x000001e790d49f58
Event: 21.726 Thread 0x000001e78570a000 Implicit null exception at 0x000001e790d53c2f to 0x000001e790d53ca9

Events (20 events):
Event: 24.671 loading class org/jetbrains/kotlin/psi/KtCatchClause
Event: 24.671 loading class org/jetbrains/kotlin/psi/KtCatchClause done
Event: 24.671 loading class org/jetbrains/kotlin/types/expressions/ExpressionTypingContext
Event: 24.671 loading class org/jetbrains/kotlin/types/expressions/ExpressionTypingContext done
Event: 24.715 loading class org/jetbrains/kotlin/resolve/BindingContext
Event: 24.715 loading class org/jetbrains/kotlin/resolve/BindingContext done
Event: 24.715 loading class org/jetbrains/kotlin/psi/KtExpression
Event: 24.715 loading class org/jetbrains/kotlin/psi/KtExpression done
Event: 24.715 loading class org/jetbrains/kotlin/resolve/BindingContext
Event: 24.715 loading class org/jetbrains/kotlin/resolve/BindingContext done
Event: 24.716 loading class org/jetbrains/kotlin/types/expressions/KotlinTypeInfo
Event: 24.716 loading class org/jetbrains/kotlin/types/expressions/KotlinTypeInfo done
Event: 24.716 loading class org/jetbrains/kotlin/types/expressions/KotlinTypeInfo
Event: 24.716 loading class org/jetbrains/kotlin/types/expressions/KotlinTypeInfo done
Event: 24.716 loading class kotlin/jvm/functions/Function1
Event: 24.716 loading class kotlin/jvm/functions/Function1 done
Event: 24.720 loading class org/jetbrains/kotlin/cfg/ControlFlowProcessor$CFPVisitor$FinallyBlockGenerator
Event: 24.720 loading class org/jetbrains/kotlin/cfg/ControlFlowProcessor$CFPVisitor$FinallyBlockGenerator done
Event: 24.725 loading class org/jetbrains/kotlin/cfg/ControlFlowProcessor$CatchFinallyLabels
Event: 24.725 loading class org/jetbrains/kotlin/cfg/ControlFlowProcessor$CatchFinallyLabels done


Dynamic libraries:
0x00007ff70adb0000 - 0x00007ff70adba000 	C:\Program Files\Android\Android Studio\jre\bin\java.exe
0x00007ffe366b0000 - 0x00007ffe368a8000 	C:\Windows\SYSTEM32\ntdll.dll
0x00007ffe363e0000 - 0x00007ffe3649d000 	C:\Windows\System32\KERNEL32.DLL
0x00007ffe34440000 - 0x00007ffe3470e000 	C:\Windows\System32\KERNELBASE.dll
0x00007ffe34340000 - 0x00007ffe34440000 	C:\Windows\System32\ucrtbase.dll
0x00007ffe2e5f0000 - 0x00007ffe2e607000 	C:\Program Files\Android\Android Studio\jre\bin\VCRUNTIME140.dll
0x00007ffe0f7f0000 - 0x00007ffe0f809000 	C:\Program Files\Android\Android Studio\jre\bin\jli.dll
0x00007ffe34840000 - 0x00007ffe349e0000 	C:\Windows\System32\USER32.dll
0x00007ffe1dd20000 - 0x00007ffe1dfba000 	C:\Windows\WinSxS\amd64_microsoft.windows.common-controls_6595b64144ccf1df_6.0.19041.1110_none_60b5254171f9507e\COMCTL32.dll
0x00007ffe33f40000 - 0x00007ffe33f62000 	C:\Windows\System32\win32u.dll
0x00007ffe35bd0000 - 0x00007ffe35bfa000 	C:\Windows\System32\GDI32.dll
0x00007ffe34190000 - 0x00007ffe3429b000 	C:\Windows\System32\gdi32full.dll
0x00007ffe342a0000 - 0x00007ffe3433d000 	C:\Windows\System32\msvcp_win.dll
0x00007ffe347a0000 - 0x00007ffe3483e000 	C:\Windows\System32\msvcrt.dll
0x00007ffe35ba0000 - 0x00007ffe35bd0000 	C:\Windows\System32\IMM32.DLL
0x00007ffe0ac20000 - 0x00007ffe0acbd000 	C:\Program Files\Android\Android Studio\jre\bin\msvcp140.dll
0x00007ffdecba0000 - 0x00007ffded685000 	C:\Program Files\Android\Android Studio\jre\bin\server\jvm.dll
0x00007ffe35ff0000 - 0x00007ffe3609e000 	C:\Windows\System32\ADVAPI32.dll
0x00007ffe364a0000 - 0x00007ffe3653c000 	C:\Windows\System32\sechost.dll
0x00007ffe35cd0000 - 0x00007ffe35df5000 	C:\Windows\System32\RPCRT4.dll
0x00007ffe34f30000 - 0x00007ffe34f38000 	C:\Windows\System32\PSAPI.DLL
0x00007ffe22c00000 - 0x00007ffe22c09000 	C:\Windows\SYSTEM32\WSOCK32.dll
0x00007ffe21570000 - 0x00007ffe21597000 	C:\Windows\SYSTEM32\WINMM.dll
0x00007ffe32500000 - 0x00007ffe3250a000 	C:\Windows\SYSTEM32\VERSION.dll
0x00007ffe35c00000 - 0x00007ffe35c6b000 	C:\Windows\System32\WS2_32.dll
0x00007ffe32610000 - 0x00007ffe32622000 	C:\Windows\SYSTEM32\kernel.appcore.dll
0x00007ffe2b3d0000 - 0x00007ffe2b3e1000 	C:\Program Files\Android\Android Studio\jre\bin\verify.dll
0x00007ffe30ff0000 - 0x00007ffe311d4000 	C:\Windows\SYSTEM32\DBGHELP.DLL
0x00007ffe0f160000 - 0x00007ffe0f18c000 	C:\Windows\SYSTEM32\dbgcore.DLL
0x00007ffe33fa0000 - 0x00007ffe34022000 	C:\Windows\System32\bcryptPrimitives.dll
0x00007ffe22940000 - 0x00007ffe22969000 	C:\Program Files\Android\Android Studio\jre\bin\java.dll
0x00007ffe2b860000 - 0x00007ffe2b86b000 	C:\Program Files\Android\Android Studio\jre\bin\jimage.dll
0x00007ffe2b3b0000 - 0x00007ffe2b3c8000 	C:\Program Files\Android\Android Studio\jre\bin\zip.dll
0x00007ffe34f50000 - 0x00007ffe35693000 	C:\Windows\System32\SHELL32.dll
0x00007ffe31d60000 - 0x00007ffe324f5000 	C:\Windows\SYSTEM32\windows.storage.dll
0x00007ffe35840000 - 0x00007ffe35b94000 	C:\Windows\System32\combase.dll
0x00007ffe33680000 - 0x00007ffe336b0000 	C:\Windows\SYSTEM32\Wldp.dll
0x00007ffe35e60000 - 0x00007ffe35f0d000 	C:\Windows\System32\SHCORE.dll
0x00007ffe36380000 - 0x00007ffe363d5000 	C:\Windows\System32\shlwapi.dll
0x00007ffe33d10000 - 0x00007ffe33d2f000 	C:\Windows\SYSTEM32\profapi.dll
0x00007ffe22920000 - 0x00007ffe2293a000 	C:\Program Files\Android\Android Studio\jre\bin\net.dll
0x00007ffe2ad80000 - 0x00007ffe2ae8a000 	C:\Windows\SYSTEM32\WINHTTP.dll
0x00007ffe33460000 - 0x00007ffe334ca000 	C:\Windows\system32\mswsock.dll
0x00007ffe22900000 - 0x00007ffe22914000 	C:\Program Files\Android\Android Studio\jre\bin\nio.dll

dbghelp: loaded successfully - version: 4.0.5 - missing functions: none
symbol engine: initialized successfully - sym options: 0x614 - pdb path: .;C:\Program Files\Android\Android Studio\jre\bin;C:\Windows\SYSTEM32;C:\Windows\WinSxS\amd64_microsoft.windows.common-controls_6595b64144ccf1df_6.0.19041.1110_none_60b5254171f9507e;C:\Program Files\Android\Android Studio\jre\bin\server

VM Arguments:
java_command: org.jetbrains.kotlin.cli.jvm.K2JVMCompiler @C:\Users\Admin\AndroidStudioProjects\hoabl_customer_app_android\app\build\20221011_9970800343828827499.compiler.options
java_class_path (initial): C:\Users\Admin\.gradle\caches\modules-2\files-2.1\org.jetbrains.kotlin\kotlin-compiler-embeddable\1.6.21\97bdd5a752ce73b58ef16c17bc7f0ea2faff7a2e\kotlin-compiler-embeddable-1.6.21.jar;C:\Users\Admin\.gradle\caches\modules-2\files-2.1\org.jetbrains.kotlin\kotlin-reflect\1.6.21\5dc3574d9b7bebfcb4ec6b10ada4aaa9e140bd0b\kotlin-reflect-1.6.21.jar;C:\Users\Admin\.gradle\caches\modules-2\files-2.1\org.jetbrains.kotlin\kotlin-stdlib\1.6.21\11ef67f1900634fd951bad28c53ec957fabbe5b8\kotlin-stdlib-1.6.21.jar;C:\Users\Admin\.gradle\caches\modules-2\files-2.1\org.jetbrains.kotlin\kotlin-script-runtime\1.6.21\99c6675100da5d6d5b1c5a1032f27f28008d101b\kotlin-script-runtime-1.6.21.jar;C:\Users\Admin\.gradle\caches\modules-2\files-2.1\org.jetbrains.kotlin\kotlin-daemon-embeddable\1.6.21\46b78cf392e1c4f10854c3cadba44abb7b82250f\kotlin-daemon-embeddable-1.6.21.jar;C:\Users\Admin\.gradle\caches\modules-2\files-2.1\org.jetbrains.intellij.deps\trove4j\1.0.20200330\3afb14d5f9ceb459d724e907a21145e8ff394f02\trove4j-1.0.20200330.jar;C:\Users\Admin\.gradle\caches\modules-2\files-2.1\net.java.dev.jna\jna\5.6.0\330f2244e9030119ab3030fc3fededc86713d9cc\jna-5.6.0.jar;C:\Users\Admin\.gradle\caches\modules-2\files-2.1\org.jetbrains.kotlin\kotlin-stdlib-common\1.6.21\5e5b55c26dbc80372a920aef60eb774b714559b8\kotlin-stdlib-common-1.6.21.jar;C:\Users\Admin\.gradle\caches\modules-2\files-2.1\org.jetbrains\annotations\13.0\919f0dfe192fb4e063e7dacadee7f8bb9a2672a9\annotations-13.0.jar
Launcher Type: SUN_STANDARD

[Global flags]
     intx CICompilerCount                          = 4                                         {product} {ergonomic}
     uint ConcGCThreads                            = 2                                         {product} {ergonomic}
     uint G1ConcRefinementThreads                  = 8                                         {product} {ergonomic}
   size_t G1HeapRegionSize                         = 1048576                                   {product} {ergonomic}
    uintx GCDrainStackTargetSize                   = 64                                        {product} {ergonomic}
   size_t InitialHeapSize                          = 266338304                                 {product} {ergonomic}
   size_t MarkStackSize                            = 4194304                                   {product} {ergonomic}
   size_t MaxHeapSize                              = 4229955584                                {product} {ergonomic}
   size_t MaxNewSize                               = 2537553920                                {product} {ergonomic}
   size_t MinHeapDeltaBytes                        = 1048576                                   {product} {ergonomic}
    uintx NonNMethodCodeHeapSize                   = 5836300                                {pd product} {ergonomic}
    uintx NonProfiledCodeHeapSize                  = 122910970                              {pd product} {ergonomic}
    uintx ProfiledCodeHeapSize                     = 122910970                              {pd product} {ergonomic}
    uintx ReservedCodeCacheSize                    = 251658240                              {pd product} {ergonomic}
     bool SegmentedCodeCache                       = true                                      {product} {ergonomic}
     bool UseCompressedClassPointers               = true                                 {lp64_product} {ergonomic}
     bool UseCompressedOops                        = true                                 {lp64_product} {ergonomic}
     bool UseG1GC                                  = true                                      {product} {ergonomic}
     bool UseLargePagesIndividualAllocation        = false                                  {pd product} {ergonomic}

Logging:
Log output configuration:
 #0: stdout all=warning uptime,level,tags
 #1: stderr all=off uptime,level,tags

Environment Variables:
JAVA_HOME=C:\Program Files\Java\jdk-18.0.1.1
PATH=C:\Program Files\Common Files\Oracle\Java\javapath;C:\Windows\system32;C:\Windows;C:\Windows\System32\Wbem;C:\Windows\System32\WindowsPowerShell\v1.0\;C:\Windows\System32\OpenSSH\;C:\Program Files\Java\jdk-18.0.1.1\bin;C:\Program Files\Git\cmd;C:\Users\Admin\AppData\Local\Microsoft\WindowsApps;
USERNAME=Admin
OS=Windows_NT
PROCESSOR_IDENTIFIER=Intel64 Family 6 Model 142 Stepping 12, GenuineIntel



---------------  S Y S T E M  ---------------

OS: Windows 10 , 64 bit Build 19041 (10.0.19041.1889)
OS uptime: 20 days 1:19 hours
Hyper-V role detected

CPU:total 8 (initial active 8) (4 cores per cpu, 2 threads per core) family 6 model 142 stepping 12 microcode 0xd6, cmov, cx8, fxsr, mmx, sse, sse2, sse3, ssse3, sse4.1, sse4.2, popcnt, avx, avx2, aes, clmul, erms, 3dnowpref, lzcnt, ht, tsc, tscinvbit, bmi1, bmi2, adx, fma

Memory: 4k page, system-wide physical 16134M (288M free)
TotalPageFile size 16134M (AvailPageFile size 0M)
current process WorkingSet (physical memory assigned to process): 579M, peak: 587M
current process commit charge ("private bytes"): 639M, peak: 647M

vm_info: OpenJDK 64-Bit Server VM (11.0.12+7-b1504.28-7817840) for windows-amd64 JRE (11.0.12+7-b1504.28-7817840), built on Oct 13 2021 22:12:33 by "builder" with MS VC++ 14.0 (VS2015)

END.
