#
# There is insufficient memory for the Java Runtime Environment to continue.
# Native memory allocation (mmap) failed to map 53477376 bytes for Failed to commit area from 0x0000000713c00000 to 0x0000000716f00000 of length 53477376.
# Possible reasons:
#   The system is out of physical RAM or swap space
#   The process is running with CompressedOops enabled, and the Java Heap may be blocking the growth of the native heap
# Possible solutions:
#   Reduce memory load on the system
#   Increase physical memory or swap space
#   Check if swap backing store is full
#   Decrease Java heap size (-Xmx/-Xms)
#   Decrease number of Java threads
#   Decrease Java thread stack sizes (-Xss)
#   Set larger code cache with -XX:ReservedCodeCacheSize=
#   JVM is running with Zero Based Compressed Oops mode in which the Java heap is
#     placed in the first 32GB address space. The Java Heap base address is the
#     maximum limit for the native heap growth. Please use -XX:HeapBaseMinAddress
#     to set the Java Heap base and to place the Java Heap above 32GB virtual address.
# This output file may be truncated or incomplete.
#
#  Out of Memory Error (./src/hotspot/os/windows/os_windows.cpp:3521), pid=13236, tid=9068
#
# JRE version: OpenJDK Runtime Environment (11.0.12+7) (build 11.0.12+7-b1504.28-7817840)
# Java VM: OpenJDK 64-Bit Server VM (11.0.12+7-b1504.28-7817840, mixed mode, tiered, compressed oops, g1 gc, windows-amd64)
# No core dump will be written. Minidumps are not enabled by default on client versions of Windows
#

---------------  S U M M A R Y ------------

Command Line: org.jetbrains.kotlin.cli.jvm.K2JVMCompiler @C:\Users\Admin\StudioProjects\hoabl_customer_app_android\app\build\20220615_4981329922213623531.compiler.options

Host: Intel(R) Core(TM) i7-10510U CPU @ 1.80GHz, 8 cores, 15G,  Windows 10 , 64 bit Build 19041 (10.0.19041.1706)
Time: Wed Jun 15 18:11:26 2022 India Standard Time elapsed time: 14.542726 seconds (0d 0h 0m 14s)

---------------  T H R E A D  ---------------

Current thread (0x000001eb7dbe9800):  VMThread "VM Thread" [stack: 0x000000b3e2700000,0x000000b3e2800000] [id=9068]

Stack: [0x000000b3e2700000,0x000000b3e2800000]
[error occurred during error reporting (printing stack bounds), id 0xc0000005, EXCEPTION_ACCESS_VIOLATION (0xc0000005) at pc=0x000001eb0000112d]

Native frames: (J=compiled Java code, j=interpreted, Vv=VM code, C=native code)
V  [jvm.dll+0x5fbcea]
V  [jvm.dll+0x731905]
V  [jvm.dll+0x732f1d]
V  [jvm.dll+0x733535]
V  [jvm.dll+0x7334eb]
V  [jvm.dll+0x5fb080]
V  [jvm.dll+0x5fb818]
C  [ntdll.dll+0xa209f]
C  [ntdll.dll+0x51454]
C  [ntdll.dll+0xa0bce]
C  0x000001eb0000112d

VM_Operation (0x000000b3e21fcb00): G1CollectForAllocation, mode: safepoint, requested by thread 0x000001eb6d4d9800


---------------  P R O C E S S  ---------------

Threads class SMR info:
_java_thread_list=0x000001eb0fdb1e70, length=11, elements={
0x000001eb6d4d9800, 0x000001eb7dc0d800, 0x000001eb7dc13800, 0x000001eb7e4c5800,
0x000001eb7e509800, 0x000001eb7e50a800, 0x000001eb7e510000, 0x000001eb7e51e800,
0x000001eb7dc1d000, 0x000001eb7e681800, 0x000001eb10c18800
}

Java Threads: ( => current thread )
  0x000001eb6d4d9800 JavaThread "main" [_thread_blocked, id=17172, stack(0x000000b3e2100000,0x000000b3e2200000)]
  0x000001eb7dc0d800 JavaThread "Reference Handler" daemon [_thread_blocked, id=6668, stack(0x000000b3e2800000,0x000000b3e2900000)]
  0x000001eb7dc13800 JavaThread "Finalizer" daemon [_thread_blocked, id=5208, stack(0x000000b3e2900000,0x000000b3e2a00000)]
  0x000001eb7e4c5800 JavaThread "Signal Dispatcher" daemon [_thread_blocked, id=2408, stack(0x000000b3e2a00000,0x000000b3e2b00000)]
  0x000001eb7e509800 JavaThread "Attach Listener" daemon [_thread_blocked, id=1448, stack(0x000000b3e2b00000,0x000000b3e2c00000)]
  0x000001eb7e50a800 JavaThread "Service Thread" daemon [_thread_blocked, id=17356, stack(0x000000b3e2c00000,0x000000b3e2d00000)]
  0x000001eb7e510000 JavaThread "C2 CompilerThread0" daemon [_thread_blocked, id=3108, stack(0x000000b3e2d00000,0x000000b3e2e00000)]
  0x000001eb7e51e800 JavaThread "C1 CompilerThread0" daemon [_thread_blocked, id=5912, stack(0x000000b3e2e00000,0x000000b3e2f00000)]
  0x000001eb7dc1d000 JavaThread "Sweeper thread" daemon [_thread_blocked, id=11184, stack(0x000000b3e2f00000,0x000000b3e3000000)]
  0x000001eb7e681800 JavaThread "Common-Cleaner" daemon [_thread_blocked, id=16044, stack(0x000000b3e3100000,0x000000b3e3200000)]
  0x000001eb10c18800 JavaThread "C2 CompilerThread1" daemon [_thread_blocked, id=15548, stack(0x000000b3e3800000,0x000000b3e3900000)]

Other Threads:
=>0x000001eb7dbe9800 VMThread "VM Thread" [stack: 0x000000b3e2700000,0x000000b3e2800000] [id=9068]
  0x000001eb7e674000 WatcherThread [stack: 0x000000b3e3000000,0x000000b3e3100000] [id=6664]
  0x000001eb6d4f1800 GCTaskThread "GC Thread#0" [stack: 0x000000b3e2200000,0x000000b3e2300000] [id=6952]
  0x000001eb7eccc000 GCTaskThread "GC Thread#1" [stack: 0x000000b3e3300000,0x000000b3e3400000] [id=17796]
  0x000001eb7eccf800 GCTaskThread "GC Thread#2" [stack: 0x000000b3e3400000,0x000000b3e3500000] [id=4360]
  0x000001eb7ecca000 GCTaskThread "GC Thread#3" [stack: 0x000000b3e3500000,0x000000b3e3600000] [id=4236]
  0x000001eb7ecca800 GCTaskThread "GC Thread#4" [stack: 0x000000b3e3600000,0x000000b3e3700000] [id=3388]
  0x000001eb7eccb800 GCTaskThread "GC Thread#5" [stack: 0x000000b3e3700000,0x000000b3e3800000] [id=6348]
  0x000001eb6d54e800 ConcurrentGCThread "G1 Main Marker" [stack: 0x000000b3e2300000,0x000000b3e2400000] [id=17132]
  0x000001eb6d550000 ConcurrentGCThread "G1 Conc#0" [stack: 0x000000b3e2400000,0x000000b3e2500000] [id=8080]
  0x000001eb7ecc9000 ConcurrentGCThread "G1 Conc#1" [stack: 0x000000b3e3200000,0x000000b3e3300000] [id=18152]
  0x000001eb7dad1800 ConcurrentGCThread "G1 Refine#0" [stack: 0x000000b3e2500000,0x000000b3e2600000] [id=17948]
  0x000001eb0f550800 ConcurrentGCThread "G1 Refine#1" [stack: 0x000000b3e3900000,0x000000b3e3a00000] [id=15800]
  0x000001eb1202a000 ConcurrentGCThread "G1 Refine#2" [stack: 0x000000b3e3a00000,0x000000b3e3b00000] [id=6076]
  0x000001eb7dad2800 ConcurrentGCThread "G1 Young RemSet Sampling" [stack: 0x000000b3e2600000,0x000000b3e2700000] [id=11848]

Threads with active compile tasks:
C2 CompilerThread0  14558 3873       4       org.jetbrains.kotlin.com.intellij.lang.impl.PsiBuilderImpl::processDone (96 bytes)
C1 CompilerThread0  14558 5023       2       org.jetbrains.kotlin.com.intellij.psi.impl.source.tree.java.ImportStatementBaseElement::<init> (6 bytes)
C2 CompilerThread1  14559 3832       4       org.jetbrains.kotlin.com.intellij.psi.impl.source.CharTableImpl$StringHashToCharSequencesMap::getSubSequenceWithHashCode (134 bytes)

VM state:at safepoint (normal execution)

VM Mutex/Monitor currently owned by a thread:  ([mutex/lock_event])
[0x000001eb6d4d6730] Threads_lock - owner thread: 0x000001eb7dbe9800
[0x000001eb6d4d5ad0] Heap_lock - owner thread: 0x000001eb6d4d9800

Heap address: 0x0000000703e00000, size: 4034 MB, Compressed Oops mode: Zero based, Oop shift amount: 3
Narrow klass base: 0x0000000800000000, Narrow klass shift: 0
Compressed class space size: 1073741824 Address: 0x0000000800000000

Heap:
 garbage-first heap   total 312320K, used 46968K [0x0000000703e00000, 0x0000000800000000)
  region size 1024K, 8 young (8192K), 8 survivors (8192K)
 Metaspace       used 51670K, capacity 52348K, committed 52560K, reserved 1095680K
  class space    used 6026K, capacity 6297K, committed 6400K, reserved 1048576K
Heap Regions: E=young(eden), S=young(survivor), O=old, HS=humongous(starts), HC=humongous(continues), CS=collection set, F=free, A=archive, TAMS=top-at-mark-start (previous, next)
|   0|0x0000000703e00000, 0x0000000703f00000, 0x0000000703f00000|100%|HS|  |TAMS 0x0000000703f00000, 0x0000000703e00000| Complete 
|   1|0x0000000703f00000, 0x0000000704000000, 0x0000000704000000|100%|HC|  |TAMS 0x0000000704000000, 0x0000000703f00000| Complete 
|   2|0x0000000704000000, 0x0000000704100000, 0x0000000704100000|100%|HC|  |TAMS 0x0000000704100000, 0x0000000704000000| Complete 
|   3|0x0000000704100000, 0x0000000704200000, 0x0000000704200000|100%|HS|  |TAMS 0x0000000704200000, 0x0000000704100000| Complete 
|   4|0x0000000704200000, 0x0000000704300000, 0x0000000704300000|100%|HC|  |TAMS 0x0000000704300000, 0x0000000704200000| Complete 
|   5|0x0000000704300000, 0x0000000704400000, 0x0000000704400000|100%|HC|  |TAMS 0x0000000704400000, 0x0000000704300000| Complete 
|   6|0x0000000704400000, 0x0000000704500000, 0x0000000704500000|100%|HS|  |TAMS 0x0000000704400000, 0x0000000704400000| Complete 
|   7|0x0000000704500000, 0x0000000704600000, 0x0000000704600000|100%|HC|  |TAMS 0x0000000704500000, 0x0000000704500000| Complete 
|   8|0x0000000704600000, 0x0000000704700000, 0x0000000704700000|100%| O|  |TAMS 0x0000000704700000, 0x0000000704600000| Untracked 
|   9|0x0000000704700000, 0x00000007047ffff8, 0x0000000704800000| 99%| O|  |TAMS 0x00000007047ffff8, 0x0000000704700000| Untracked 
|  10|0x0000000704800000, 0x0000000704900000, 0x0000000704900000|100%| O|  |TAMS 0x0000000704900000, 0x0000000704800000| Untracked 
|  11|0x0000000704900000, 0x0000000704a00000, 0x0000000704a00000|100%| O|  |TAMS 0x0000000704a00000, 0x0000000704900000| Untracked 
|  12|0x0000000704a00000, 0x0000000704b00000, 0x0000000704b00000|100%| O|  |TAMS 0x0000000704b00000, 0x0000000704a00000| Untracked 
|  13|0x0000000704b00000, 0x0000000704c00000, 0x0000000704c00000|100%| O|  |TAMS 0x0000000704c00000, 0x0000000704b00000| Untracked 
|  14|0x0000000704c00000, 0x0000000704d00000, 0x0000000704d00000|100%| O|  |TAMS 0x0000000704d00000, 0x0000000704c00000| Untracked 
|  15|0x0000000704d00000, 0x0000000704e00000, 0x0000000704e00000|100%| O|  |TAMS 0x0000000704e00000, 0x0000000704d00000| Untracked 
|  16|0x0000000704e00000, 0x0000000704f00000, 0x0000000704f00000|100%| O|  |TAMS 0x0000000704f00000, 0x0000000704e00000| Untracked 
|  17|0x0000000704f00000, 0x0000000705000000, 0x0000000705000000|100%| O|  |TAMS 0x0000000705000000, 0x0000000704f00000| Untracked 
|  18|0x0000000705000000, 0x0000000705100000, 0x0000000705100000|100%| O|  |TAMS 0x0000000705100000, 0x0000000705000000| Untracked 
|  19|0x0000000705100000, 0x0000000705200000, 0x0000000705200000|100%| O|  |TAMS 0x0000000705200000, 0x0000000705100000| Untracked 
|  20|0x0000000705200000, 0x0000000705300000, 0x0000000705300000|100%| O|  |TAMS 0x0000000705295e00, 0x0000000705200000| Untracked 
|  21|0x0000000705300000, 0x0000000705400000, 0x0000000705400000|100%| O|  |TAMS 0x0000000705300000, 0x0000000705300000| Untracked 
|  22|0x0000000705400000, 0x0000000705500000, 0x0000000705500000|100%| O|  |TAMS 0x0000000705400000, 0x0000000705400000| Untracked 
|  23|0x0000000705500000, 0x0000000705600000, 0x0000000705600000|100%| O|  |TAMS 0x0000000705500000, 0x0000000705500000| Untracked 
|  24|0x0000000705600000, 0x0000000705700000, 0x0000000705700000|100%| O|  |TAMS 0x0000000705600000, 0x0000000705600000| Untracked 
|  25|0x0000000705700000, 0x0000000705800000, 0x0000000705800000|100%| O|  |TAMS 0x0000000705700000, 0x0000000705700000| Untracked 
|  26|0x0000000705800000, 0x0000000705900000, 0x0000000705900000|100%| O|  |TAMS 0x0000000705800000, 0x0000000705800000| Untracked 
|  27|0x0000000705900000, 0x0000000705a00000, 0x0000000705a00000|100%| O|  |TAMS 0x0000000705900000, 0x0000000705900000| Untracked 
|  28|0x0000000705a00000, 0x0000000705b00000, 0x0000000705b00000|100%| O|  |TAMS 0x0000000705a00000, 0x0000000705a00000| Untracked 
|  29|0x0000000705b00000, 0x0000000705c00000, 0x0000000705c00000|100%| O|  |TAMS 0x0000000705b00000, 0x0000000705b00000| Untracked 
|  30|0x0000000705c00000, 0x0000000705d00000, 0x0000000705d00000|100%| O|  |TAMS 0x0000000705c00000, 0x0000000705c00000| Untracked 
|  31|0x0000000705d00000, 0x0000000705e00000, 0x0000000705e00000|100%| O|  |TAMS 0x0000000705d00000, 0x0000000705d00000| Untracked 
|  32|0x0000000705e00000, 0x0000000705f00000, 0x0000000705f00000|100%| O|  |TAMS 0x0000000705e00000, 0x0000000705e00000| Untracked 
|  33|0x0000000705f00000, 0x0000000706000000, 0x0000000706000000|100%| O|  |TAMS 0x0000000705f00000, 0x0000000705f00000| Untracked 
|  34|0x0000000706000000, 0x0000000706100000, 0x0000000706100000|100%| O|  |TAMS 0x0000000706000000, 0x0000000706000000| Untracked 
|  35|0x0000000706100000, 0x0000000706200000, 0x0000000706200000|100%| O|  |TAMS 0x0000000706100000, 0x0000000706100000| Untracked 
|  36|0x0000000706200000, 0x0000000706300000, 0x0000000706300000|100%| O|  |TAMS 0x0000000706200000, 0x0000000706200000| Untracked 
|  37|0x0000000706300000, 0x00000007063de400, 0x0000000706400000| 86%| O|  |TAMS 0x0000000706300000, 0x0000000706300000| Untracked 
|  38|0x0000000706400000, 0x0000000706400000, 0x0000000706500000|  0%| F|  |TAMS 0x0000000706400000, 0x0000000706400000| Untracked 
|  39|0x0000000706500000, 0x0000000706500000, 0x0000000706600000|  0%| F|  |TAMS 0x0000000706500000, 0x0000000706500000| Untracked 
|  40|0x0000000706600000, 0x0000000706600000, 0x0000000706700000|  0%| F|  |TAMS 0x0000000706600000, 0x0000000706600000| Untracked 
|  41|0x0000000706700000, 0x0000000706700000, 0x0000000706800000|  0%| F|  |TAMS 0x0000000706700000, 0x0000000706700000| Untracked 
|  42|0x0000000706800000, 0x0000000706800000, 0x0000000706900000|  0%| F|  |TAMS 0x0000000706800000, 0x0000000706800000| Untracked 
|  43|0x0000000706900000, 0x0000000706900000, 0x0000000706a00000|  0%| F|  |TAMS 0x0000000706900000, 0x0000000706900000| Untracked 
|  44|0x0000000706a00000, 0x0000000706a00000, 0x0000000706b00000|  0%| F|  |TAMS 0x0000000706a00000, 0x0000000706a00000| Untracked 
|  45|0x0000000706b00000, 0x0000000706b00000, 0x0000000706c00000|  0%| F|  |TAMS 0x0000000706b00000, 0x0000000706b00000| Untracked 
|  46|0x0000000706c00000, 0x0000000706c00000, 0x0000000706d00000|  0%| F|  |TAMS 0x0000000706c00000, 0x0000000706c00000| Untracked 
|  47|0x0000000706d00000, 0x0000000706d00000, 0x0000000706e00000|  0%| F|  |TAMS 0x0000000706d00000, 0x0000000706d00000| Untracked 
|  48|0x0000000706e00000, 0x0000000706e00000, 0x0000000706f00000|  0%| F|  |TAMS 0x0000000706e00000, 0x0000000706e00000| Untracked 
|  49|0x0000000706f00000, 0x0000000706f00000, 0x0000000707000000|  0%| F|  |TAMS 0x0000000706f00000, 0x0000000706f00000| Untracked 
|  50|0x0000000707000000, 0x0000000707000000, 0x0000000707100000|  0%| F|  |TAMS 0x0000000707000000, 0x0000000707000000| Untracked 
|  51|0x0000000707100000, 0x0000000707100000, 0x0000000707200000|  0%| F|  |TAMS 0x0000000707100000, 0x0000000707100000| Untracked 
|  52|0x0000000707200000, 0x0000000707200000, 0x0000000707300000|  0%| F|  |TAMS 0x0000000707200000, 0x0000000707200000| Untracked 
|  53|0x0000000707300000, 0x0000000707300000, 0x0000000707400000|  0%| F|  |TAMS 0x0000000707300000, 0x0000000707300000| Untracked 
|  54|0x0000000707400000, 0x0000000707400000, 0x0000000707500000|  0%| F|  |TAMS 0x0000000707400000, 0x0000000707400000| Untracked 
|  55|0x0000000707500000, 0x0000000707500000, 0x0000000707600000|  0%| F|  |TAMS 0x0000000707500000, 0x0000000707500000| Untracked 
|  56|0x0000000707600000, 0x0000000707600000, 0x0000000707700000|  0%| F|  |TAMS 0x0000000707600000, 0x0000000707600000| Untracked 
|  57|0x0000000707700000, 0x0000000707700000, 0x0000000707800000|  0%| F|  |TAMS 0x0000000707700000, 0x0000000707700000| Untracked 
|  58|0x0000000707800000, 0x0000000707800000, 0x0000000707900000|  0%| F|  |TAMS 0x0000000707800000, 0x0000000707800000| Untracked 
|  59|0x0000000707900000, 0x0000000707900000, 0x0000000707a00000|  0%| F|  |TAMS 0x0000000707900000, 0x0000000707900000| Untracked 
|  60|0x0000000707a00000, 0x0000000707a00000, 0x0000000707b00000|  0%| F|  |TAMS 0x0000000707a00000, 0x0000000707a00000| Untracked 
|  61|0x0000000707b00000, 0x0000000707b00000, 0x0000000707c00000|  0%| F|  |TAMS 0x0000000707b00000, 0x0000000707b00000| Untracked 
|  62|0x0000000707c00000, 0x0000000707c00000, 0x0000000707d00000|  0%| F|  |TAMS 0x0000000707c00000, 0x0000000707c00000| Untracked 
|  63|0x0000000707d00000, 0x0000000707d00000, 0x0000000707e00000|  0%| F|  |TAMS 0x0000000707d00000, 0x0000000707d00000| Untracked 
|  64|0x0000000707e00000, 0x0000000707e00000, 0x0000000707f00000|  0%| F|  |TAMS 0x0000000707e00000, 0x0000000707e00000| Untracked 
|  65|0x0000000707f00000, 0x0000000707f00000, 0x0000000708000000|  0%| F|  |TAMS 0x0000000707f00000, 0x0000000707f00000| Untracked 
|  66|0x0000000708000000, 0x0000000708000000, 0x0000000708100000|  0%| F|  |TAMS 0x0000000708000000, 0x0000000708000000| Untracked 
|  67|0x0000000708100000, 0x0000000708100000, 0x0000000708200000|  0%| F|  |TAMS 0x0000000708100000, 0x0000000708100000| Untracked 
|  68|0x0000000708200000, 0x0000000708200000, 0x0000000708300000|  0%| F|  |TAMS 0x0000000708200000, 0x0000000708200000| Untracked 
|  69|0x0000000708300000, 0x0000000708300000, 0x0000000708400000|  0%| F|  |TAMS 0x0000000708300000, 0x0000000708300000| Untracked 
|  70|0x0000000708400000, 0x0000000708400000, 0x0000000708500000|  0%| F|  |TAMS 0x0000000708400000, 0x0000000708400000| Untracked 
|  71|0x0000000708500000, 0x0000000708500000, 0x0000000708600000|  0%| F|  |TAMS 0x0000000708500000, 0x0000000708500000| Untracked 
|  72|0x0000000708600000, 0x0000000708600000, 0x0000000708700000|  0%| F|  |TAMS 0x0000000708600000, 0x0000000708600000| Untracked 
|  73|0x0000000708700000, 0x0000000708700000, 0x0000000708800000|  0%| F|  |TAMS 0x0000000708700000, 0x0000000708700000| Untracked 
|  74|0x0000000708800000, 0x0000000708800000, 0x0000000708900000|  0%| F|  |TAMS 0x0000000708800000, 0x0000000708800000| Untracked 
|  75|0x0000000708900000, 0x0000000708900000, 0x0000000708a00000|  0%| F|  |TAMS 0x0000000708900000, 0x0000000708900000| Untracked 
|  76|0x0000000708a00000, 0x0000000708a00000, 0x0000000708b00000|  0%| F|  |TAMS 0x0000000708a00000, 0x0000000708a00000| Untracked 
|  77|0x0000000708b00000, 0x0000000708b00000, 0x0000000708c00000|  0%| F|  |TAMS 0x0000000708b00000, 0x0000000708b00000| Untracked 
|  78|0x0000000708c00000, 0x0000000708c00000, 0x0000000708d00000|  0%| F|  |TAMS 0x0000000708c00000, 0x0000000708c00000| Untracked 
|  79|0x0000000708d00000, 0x0000000708d00000, 0x0000000708e00000|  0%| F|  |TAMS 0x0000000708d00000, 0x0000000708d00000| Untracked 
|  80|0x0000000708e00000, 0x0000000708e00000, 0x0000000708f00000|  0%| F|  |TAMS 0x0000000708e00000, 0x0000000708e00000| Untracked 
|  81|0x0000000708f00000, 0x0000000708f00000, 0x0000000709000000|  0%| F|  |TAMS 0x0000000708f00000, 0x0000000708f00000| Untracked 
|  82|0x0000000709000000, 0x0000000709000000, 0x0000000709100000|  0%| F|  |TAMS 0x0000000709000000, 0x0000000709000000| Untracked 
|  83|0x0000000709100000, 0x0000000709100000, 0x0000000709200000|  0%| F|  |TAMS 0x0000000709100000, 0x0000000709100000| Untracked 
|  84|0x0000000709200000, 0x0000000709200000, 0x0000000709300000|  0%| F|  |TAMS 0x0000000709200000, 0x0000000709200000| Untracked 
|  85|0x0000000709300000, 0x0000000709300000, 0x0000000709400000|  0%| F|  |TAMS 0x0000000709300000, 0x0000000709300000| Untracked 
|  86|0x0000000709400000, 0x0000000709400000, 0x0000000709500000|  0%| F|  |TAMS 0x0000000709400000, 0x0000000709400000| Untracked 
|  87|0x0000000709500000, 0x0000000709500000, 0x0000000709600000|  0%| F|  |TAMS 0x0000000709500000, 0x0000000709500000| Untracked 
|  88|0x0000000709600000, 0x0000000709600000, 0x0000000709700000|  0%| F|  |TAMS 0x0000000709600000, 0x0000000709600000| Untracked 
|  89|0x0000000709700000, 0x0000000709700000, 0x0000000709800000|  0%| F|  |TAMS 0x0000000709700000, 0x0000000709700000| Untracked 
|  90|0x0000000709800000, 0x0000000709800000, 0x0000000709900000|  0%| F|  |TAMS 0x0000000709800000, 0x0000000709800000| Untracked 
|  91|0x0000000709900000, 0x0000000709900000, 0x0000000709a00000|  0%| F|  |TAMS 0x0000000709900000, 0x0000000709900000| Untracked 
|  92|0x0000000709a00000, 0x0000000709a00000, 0x0000000709b00000|  0%| F|  |TAMS 0x0000000709a00000, 0x0000000709a00000| Untracked 
|  93|0x0000000709b00000, 0x0000000709b00000, 0x0000000709c00000|  0%| F|  |TAMS 0x0000000709b00000, 0x0000000709b00000| Untracked 
|  94|0x0000000709c00000, 0x0000000709c00000, 0x0000000709d00000|  0%| F|  |TAMS 0x0000000709c00000, 0x0000000709c00000| Untracked 
|  95|0x0000000709d00000, 0x0000000709d00000, 0x0000000709e00000|  0%| F|  |TAMS 0x0000000709d00000, 0x0000000709d00000| Untracked 
|  96|0x0000000709e00000, 0x0000000709e00000, 0x0000000709f00000|  0%| F|  |TAMS 0x0000000709e00000, 0x0000000709e00000| Untracked 
|  97|0x0000000709f00000, 0x0000000709f00000, 0x000000070a000000|  0%| F|  |TAMS 0x0000000709f00000, 0x0000000709f00000| Untracked 
|  98|0x000000070a000000, 0x000000070a000000, 0x000000070a100000|  0%| F|  |TAMS 0x000000070a000000, 0x000000070a000000| Untracked 
|  99|0x000000070a100000, 0x000000070a100000, 0x000000070a200000|  0%| F|  |TAMS 0x000000070a100000, 0x000000070a100000| Untracked 
| 100|0x000000070a200000, 0x000000070a200000, 0x000000070a300000|  0%| F|  |TAMS 0x000000070a200000, 0x000000070a200000| Untracked 
| 101|0x000000070a300000, 0x000000070a300000, 0x000000070a400000|  0%| F|  |TAMS 0x000000070a300000, 0x000000070a300000| Untracked 
| 102|0x000000070a400000, 0x000000070a400000, 0x000000070a500000|  0%| F|  |TAMS 0x000000070a400000, 0x000000070a400000| Untracked 
| 103|0x000000070a500000, 0x000000070a500000, 0x000000070a600000|  0%| F|  |TAMS 0x000000070a500000, 0x000000070a500000| Untracked 
| 104|0x000000070a600000, 0x000000070a600000, 0x000000070a700000|  0%| F|  |TAMS 0x000000070a600000, 0x000000070a600000| Untracked 
| 105|0x000000070a700000, 0x000000070a700000, 0x000000070a800000|  0%| F|  |TAMS 0x000000070a700000, 0x000000070a700000| Untracked 
| 106|0x000000070a800000, 0x000000070a800000, 0x000000070a900000|  0%| F|  |TAMS 0x000000070a800000, 0x000000070a800000| Untracked 
| 107|0x000000070a900000, 0x000000070a900000, 0x000000070aa00000|  0%| F|  |TAMS 0x000000070a900000, 0x000000070a900000| Untracked 
| 108|0x000000070aa00000, 0x000000070aa00000, 0x000000070ab00000|  0%| F|  |TAMS 0x000000070aa00000, 0x000000070aa00000| Untracked 
| 109|0x000000070ab00000, 0x000000070ab00000, 0x000000070ac00000|  0%| F|  |TAMS 0x000000070ab00000, 0x000000070ab00000| Untracked 
| 110|0x000000070ac00000, 0x000000070ac00000, 0x000000070ad00000|  0%| F|  |TAMS 0x000000070ac00000, 0x000000070ac00000| Untracked 
| 111|0x000000070ad00000, 0x000000070ad00000, 0x000000070ae00000|  0%| F|  |TAMS 0x000000070ad00000, 0x000000070ad00000| Untracked 
| 112|0x000000070ae00000, 0x000000070ae00000, 0x000000070af00000|  0%| F|  |TAMS 0x000000070ae00000, 0x000000070ae00000| Untracked 
| 113|0x000000070af00000, 0x000000070af00000, 0x000000070b000000|  0%| F|  |TAMS 0x000000070af00000, 0x000000070af00000| Untracked 
| 114|0x000000070b000000, 0x000000070b000000, 0x000000070b100000|  0%| F|  |TAMS 0x000000070b000000, 0x000000070b000000| Untracked 
| 115|0x000000070b100000, 0x000000070b100000, 0x000000070b200000|  0%| F|  |TAMS 0x000000070b100000, 0x000000070b100000| Untracked 
| 116|0x000000070b200000, 0x000000070b200000, 0x000000070b300000|  0%| F|  |TAMS 0x000000070b200000, 0x000000070b200000| Untracked 
| 117|0x000000070b300000, 0x000000070b300000, 0x000000070b400000|  0%| F|  |TAMS 0x000000070b300000, 0x000000070b300000| Untracked 
| 118|0x000000070b400000, 0x000000070b400000, 0x000000070b500000|  0%| F|  |TAMS 0x000000070b400000, 0x000000070b400000| Untracked 
| 119|0x000000070b500000, 0x000000070b500000, 0x000000070b600000|  0%| F|  |TAMS 0x000000070b500000, 0x000000070b500000| Untracked 
| 120|0x000000070b600000, 0x000000070b600000, 0x000000070b700000|  0%| F|  |TAMS 0x000000070b600000, 0x000000070b600000| Untracked 
| 121|0x000000070b700000, 0x000000070b700000, 0x000000070b800000|  0%| F|  |TAMS 0x000000070b700000, 0x000000070b700000| Untracked 
| 122|0x000000070b800000, 0x000000070b800000, 0x000000070b900000|  0%| F|  |TAMS 0x000000070b800000, 0x000000070b800000| Untracked 
| 123|0x000000070b900000, 0x000000070b900000, 0x000000070ba00000|  0%| F|  |TAMS 0x000000070b900000, 0x000000070b900000| Untracked 
| 124|0x000000070ba00000, 0x000000070ba00000, 0x000000070bb00000|  0%| F|  |TAMS 0x000000070ba00000, 0x000000070ba00000| Untracked 
| 125|0x000000070bb00000, 0x000000070bb00000, 0x000000070bc00000|  0%| F|  |TAMS 0x000000070bb00000, 0x000000070bb00000| Untracked 
| 126|0x000000070bc00000, 0x000000070bc00000, 0x000000070bd00000|  0%| F|  |TAMS 0x000000070bc00000, 0x000000070bc00000| Untracked 
| 127|0x000000070bd00000, 0x000000070bd00000, 0x000000070be00000|  0%| F|  |TAMS 0x000000070bd00000, 0x000000070bd00000| Untracked 
| 128|0x000000070be00000, 0x000000070be00000, 0x000000070bf00000|  0%| F|  |TAMS 0x000000070be00000, 0x000000070be00000| Untracked 
| 129|0x000000070bf00000, 0x000000070bf00000, 0x000000070c000000|  0%| F|  |TAMS 0x000000070bf00000, 0x000000070bf00000| Untracked 
| 130|0x000000070c000000, 0x000000070c000000, 0x000000070c100000|  0%| F|  |TAMS 0x000000070c000000, 0x000000070c000000| Untracked 
| 131|0x000000070c100000, 0x000000070c100000, 0x000000070c200000|  0%| F|  |TAMS 0x000000070c100000, 0x000000070c100000| Untracked 
| 132|0x000000070c200000, 0x000000070c200000, 0x000000070c300000|  0%| F|  |TAMS 0x000000070c200000, 0x000000070c200000| Untracked 
| 133|0x000000070c300000, 0x000000070c300000, 0x000000070c400000|  0%| F|  |TAMS 0x000000070c300000, 0x000000070c300000| Untracked 
| 134|0x000000070c400000, 0x000000070c400000, 0x000000070c500000|  0%| F|  |TAMS 0x000000070c400000, 0x000000070c400000| Untracked 
| 135|0x000000070c500000, 0x000000070c500000, 0x000000070c600000|  0%| F|  |TAMS 0x000000070c500000, 0x000000070c500000| Untracked 
| 136|0x000000070c600000, 0x000000070c600000, 0x000000070c700000|  0%| F|  |TAMS 0x000000070c600000, 0x000000070c600000| Untracked 
| 137|0x000000070c700000, 0x000000070c700000, 0x000000070c800000|  0%| F|  |TAMS 0x000000070c700000, 0x000000070c700000| Untracked 
| 138|0x000000070c800000, 0x000000070c800000, 0x000000070c900000|  0%| F|  |TAMS 0x000000070c800000, 0x000000070c800000| Untracked 
| 139|0x000000070c900000, 0x000000070c900000, 0x000000070ca00000|  0%| F|  |TAMS 0x000000070c900000, 0x000000070c900000| Untracked 
| 140|0x000000070ca00000, 0x000000070ca00000, 0x000000070cb00000|  0%| F|  |TAMS 0x000000070ca00000, 0x000000070ca00000| Untracked 
| 141|0x000000070cb00000, 0x000000070cb00000, 0x000000070cc00000|  0%| F|  |TAMS 0x000000070cb00000, 0x000000070cb00000| Untracked 
| 142|0x000000070cc00000, 0x000000070cc00000, 0x000000070cd00000|  0%| F|  |TAMS 0x000000070cc00000, 0x000000070cc00000| Untracked 
| 143|0x000000070cd00000, 0x000000070cd00000, 0x000000070ce00000|  0%| F|  |TAMS 0x000000070cd00000, 0x000000070cd00000| Untracked 
| 144|0x000000070ce00000, 0x000000070ce00000, 0x000000070cf00000|  0%| F|  |TAMS 0x000000070ce00000, 0x000000070ce00000| Untracked 
| 145|0x000000070cf00000, 0x000000070cf00000, 0x000000070d000000|  0%| F|  |TAMS 0x000000070cf00000, 0x000000070cf00000| Untracked 
| 146|0x000000070d000000, 0x000000070d000000, 0x000000070d100000|  0%| F|  |TAMS 0x000000070d000000, 0x000000070d000000| Untracked 
| 147|0x000000070d100000, 0x000000070d100000, 0x000000070d200000|  0%| F|  |TAMS 0x000000070d100000, 0x000000070d100000| Untracked 
| 148|0x000000070d200000, 0x000000070d200000, 0x000000070d300000|  0%| F|  |TAMS 0x000000070d200000, 0x000000070d200000| Untracked 
| 149|0x000000070d300000, 0x000000070d300000, 0x000000070d400000|  0%| F|  |TAMS 0x000000070d300000, 0x000000070d300000| Untracked 
| 150|0x000000070d400000, 0x000000070d400000, 0x000000070d500000|  0%| F|  |TAMS 0x000000070d400000, 0x000000070d400000| Untracked 
| 151|0x000000070d500000, 0x000000070d500000, 0x000000070d600000|  0%| F|  |TAMS 0x000000070d500000, 0x000000070d500000| Untracked 
| 152|0x000000070d600000, 0x000000070d600000, 0x000000070d700000|  0%| F|  |TAMS 0x000000070d600000, 0x000000070d600000| Untracked 
| 153|0x000000070d700000, 0x000000070d700000, 0x000000070d800000|  0%| F|  |TAMS 0x000000070d700000, 0x000000070d700000| Untracked 
| 154|0x000000070d800000, 0x000000070d800000, 0x000000070d900000|  0%| F|  |TAMS 0x000000070d800000, 0x000000070d800000| Untracked 
| 155|0x000000070d900000, 0x000000070d900000, 0x000000070da00000|  0%| F|  |TAMS 0x000000070d900000, 0x000000070d900000| Untracked 
| 156|0x000000070da00000, 0x000000070da00000, 0x000000070db00000|  0%| F|  |TAMS 0x000000070da00000, 0x000000070da00000| Untracked 
| 157|0x000000070db00000, 0x000000070db00000, 0x000000070dc00000|  0%| F|  |TAMS 0x000000070db00000, 0x000000070db00000| Untracked 
| 158|0x000000070dc00000, 0x000000070dc00000, 0x000000070dd00000|  0%| F|  |TAMS 0x000000070dc00000, 0x000000070dc00000| Untracked 
| 159|0x000000070dd00000, 0x000000070dd00000, 0x000000070de00000|  0%| F|  |TAMS 0x000000070dd00000, 0x000000070dd00000| Untracked 
| 160|0x000000070de00000, 0x000000070de00000, 0x000000070df00000|  0%| F|  |TAMS 0x000000070de00000, 0x000000070de00000| Untracked 
| 161|0x000000070df00000, 0x000000070df00000, 0x000000070e000000|  0%| F|  |TAMS 0x000000070df00000, 0x000000070df00000| Untracked 
| 162|0x000000070e000000, 0x000000070e000000, 0x000000070e100000|  0%| F|  |TAMS 0x000000070e000000, 0x000000070e000000| Untracked 
| 163|0x000000070e100000, 0x000000070e100000, 0x000000070e200000|  0%| F|  |TAMS 0x000000070e100000, 0x000000070e100000| Untracked 
| 164|0x000000070e200000, 0x000000070e200000, 0x000000070e300000|  0%| F|  |TAMS 0x000000070e200000, 0x000000070e200000| Untracked 
| 165|0x000000070e300000, 0x000000070e300000, 0x000000070e400000|  0%| F|  |TAMS 0x000000070e300000, 0x000000070e300000| Untracked 
| 166|0x000000070e400000, 0x000000070e400000, 0x000000070e500000|  0%| F|  |TAMS 0x000000070e400000, 0x000000070e400000| Untracked 
| 167|0x000000070e500000, 0x000000070e500000, 0x000000070e600000|  0%| F|  |TAMS 0x000000070e500000, 0x000000070e500000| Untracked 
| 168|0x000000070e600000, 0x000000070e600000, 0x000000070e700000|  0%| F|  |TAMS 0x000000070e600000, 0x000000070e600000| Untracked 
| 169|0x000000070e700000, 0x000000070e700000, 0x000000070e800000|  0%| F|  |TAMS 0x000000070e700000, 0x000000070e700000| Untracked 
| 170|0x000000070e800000, 0x000000070e800000, 0x000000070e900000|  0%| F|  |TAMS 0x000000070e800000, 0x000000070e800000| Untracked 
| 171|0x000000070e900000, 0x000000070e900000, 0x000000070ea00000|  0%| F|  |TAMS 0x000000070e900000, 0x000000070e900000| Untracked 
| 172|0x000000070ea00000, 0x000000070ea00000, 0x000000070eb00000|  0%| F|  |TAMS 0x000000070ea00000, 0x000000070ea00000| Untracked 
| 173|0x000000070eb00000, 0x000000070eb00000, 0x000000070ec00000|  0%| F|  |TAMS 0x000000070eb00000, 0x000000070eb00000| Untracked 
| 174|0x000000070ec00000, 0x000000070ec00000, 0x000000070ed00000|  0%| F|  |TAMS 0x000000070ec00000, 0x000000070ec00000| Untracked 
| 175|0x000000070ed00000, 0x000000070ed00000, 0x000000070ee00000|  0%| F|  |TAMS 0x000000070ed00000, 0x000000070ed00000| Untracked 
| 176|0x000000070ee00000, 0x000000070ee00000, 0x000000070ef00000|  0%| F|  |TAMS 0x000000070ee00000, 0x000000070ee00000| Untracked 
| 177|0x000000070ef00000, 0x000000070ef00000, 0x000000070f000000|  0%| F|  |TAMS 0x000000070ef00000, 0x000000070ef00000| Untracked 
| 178|0x000000070f000000, 0x000000070f000000, 0x000000070f100000|  0%| F|  |TAMS 0x000000070f000000, 0x000000070f000000| Untracked 
| 179|0x000000070f100000, 0x000000070f100000, 0x000000070f200000|  0%| F|  |TAMS 0x000000070f100000, 0x000000070f100000| Untracked 
| 180|0x000000070f200000, 0x000000070f200000, 0x000000070f300000|  0%| F|  |TAMS 0x000000070f200000, 0x000000070f200000| Untracked 
| 181|0x000000070f300000, 0x000000070f300000, 0x000000070f400000|  0%| F|  |TAMS 0x000000070f300000, 0x000000070f300000| Untracked 
| 182|0x000000070f400000, 0x000000070f400000, 0x000000070f500000|  0%| F|  |TAMS 0x000000070f400000, 0x000000070f400000| Untracked 
| 183|0x000000070f500000, 0x000000070f500000, 0x000000070f600000|  0%| F|  |TAMS 0x000000070f500000, 0x000000070f500000| Untracked 
| 184|0x000000070f600000, 0x000000070f600000, 0x000000070f700000|  0%| F|  |TAMS 0x000000070f600000, 0x000000070f600000| Untracked 
| 185|0x000000070f700000, 0x000000070f700000, 0x000000070f800000|  0%| F|  |TAMS 0x000000070f700000, 0x000000070f700000| Untracked 
| 186|0x000000070f800000, 0x000000070f800000, 0x000000070f900000|  0%| F|  |TAMS 0x000000070f800000, 0x000000070f800000| Untracked 
| 187|0x000000070f900000, 0x000000070f900000, 0x000000070fa00000|  0%| F|  |TAMS 0x000000070f900000, 0x000000070f900000| Untracked 
| 188|0x000000070fa00000, 0x000000070fa00000, 0x000000070fb00000|  0%| F|  |TAMS 0x000000070fa00000, 0x000000070fa00000| Untracked 
| 189|0x000000070fb00000, 0x000000070fb00000, 0x000000070fc00000|  0%| F|  |TAMS 0x000000070fb00000, 0x000000070fb00000| Untracked 
| 190|0x000000070fc00000, 0x000000070fc00000, 0x000000070fd00000|  0%| F|  |TAMS 0x000000070fc00000, 0x000000070fc00000| Untracked 
| 191|0x000000070fd00000, 0x000000070fd00000, 0x000000070fe00000|  0%| F|  |TAMS 0x000000070fd00000, 0x000000070fd00000| Untracked 
| 192|0x000000070fe00000, 0x000000070fe00000, 0x000000070ff00000|  0%| F|  |TAMS 0x000000070fe00000, 0x000000070fe00000| Untracked 
| 193|0x000000070ff00000, 0x000000070ff00000, 0x0000000710000000|  0%| F|  |TAMS 0x000000070ff00000, 0x000000070ff00000| Untracked 
| 194|0x0000000710000000, 0x0000000710000000, 0x0000000710100000|  0%| F|  |TAMS 0x0000000710000000, 0x0000000710000000| Untracked 
| 195|0x0000000710100000, 0x0000000710100000, 0x0000000710200000|  0%| F|  |TAMS 0x0000000710100000, 0x0000000710100000| Untracked 
| 196|0x0000000710200000, 0x0000000710200000, 0x0000000710300000|  0%| F|  |TAMS 0x0000000710200000, 0x0000000710200000| Untracked 
| 197|0x0000000710300000, 0x0000000710400000, 0x0000000710400000|100%| S|CS|TAMS 0x0000000710300000, 0x0000000710300000| Complete 
| 198|0x0000000710400000, 0x0000000710500000, 0x0000000710500000|100%| S|CS|TAMS 0x0000000710400000, 0x0000000710400000| Complete 
| 199|0x0000000710500000, 0x0000000710600000, 0x0000000710600000|100%| S|CS|TAMS 0x0000000710500000, 0x0000000710500000| Complete 
| 200|0x0000000710600000, 0x0000000710700000, 0x0000000710700000|100%| S|CS|TAMS 0x0000000710600000, 0x0000000710600000| Complete 
| 201|0x0000000710700000, 0x0000000710800000, 0x0000000710800000|100%| S|CS|TAMS 0x0000000710700000, 0x0000000710700000| Complete 
| 202|0x0000000710800000, 0x0000000710900000, 0x0000000710900000|100%| S|CS|TAMS 0x0000000710800000, 0x0000000710800000| Complete 
| 203|0x0000000710900000, 0x0000000710a00000, 0x0000000710a00000|100%| S|CS|TAMS 0x0000000710900000, 0x0000000710900000| Complete 
| 204|0x0000000710a00000, 0x0000000710b00000, 0x0000000710b00000|100%| S|CS|TAMS 0x0000000710a00000, 0x0000000710a00000| Complete 
| 205|0x0000000710b00000, 0x0000000710b00000, 0x0000000710c00000|  0%| F|  |TAMS 0x0000000710b00000, 0x0000000710b00000| Untracked 
| 206|0x0000000710c00000, 0x0000000710c00000, 0x0000000710d00000|  0%| F|  |TAMS 0x0000000710c00000, 0x0000000710c00000| Untracked 
| 207|0x0000000710d00000, 0x0000000710d00000, 0x0000000710e00000|  0%| F|  |TAMS 0x0000000710d00000, 0x0000000710d00000| Untracked 
| 208|0x0000000710e00000, 0x0000000710e00000, 0x0000000710f00000|  0%| F|  |TAMS 0x0000000710e00000, 0x0000000710e00000| Untracked 
| 209|0x0000000710f00000, 0x0000000710f00000, 0x0000000711000000|  0%| F|  |TAMS 0x0000000710f00000, 0x0000000710f00000| Untracked 
| 210|0x0000000711000000, 0x0000000711000000, 0x0000000711100000|  0%| F|  |TAMS 0x0000000711000000, 0x0000000711000000| Untracked 
| 211|0x0000000711100000, 0x0000000711100000, 0x0000000711200000|  0%| F|  |TAMS 0x0000000711100000, 0x0000000711100000| Untracked 
| 212|0x0000000711200000, 0x0000000711200000, 0x0000000711300000|  0%| F|  |TAMS 0x0000000711200000, 0x0000000711200000| Untracked 
| 213|0x0000000711300000, 0x0000000711300000, 0x0000000711400000|  0%| F|  |TAMS 0x0000000711300000, 0x0000000711300000| Untracked 
| 214|0x0000000711400000, 0x0000000711400000, 0x0000000711500000|  0%| F|  |TAMS 0x0000000711400000, 0x0000000711400000| Untracked 
| 215|0x0000000711500000, 0x0000000711500000, 0x0000000711600000|  0%| F|  |TAMS 0x0000000711500000, 0x0000000711500000| Untracked 
| 216|0x0000000711600000, 0x0000000711600000, 0x0000000711700000|  0%| F|  |TAMS 0x0000000711600000, 0x0000000711600000| Untracked 
| 217|0x0000000711700000, 0x0000000711700000, 0x0000000711800000|  0%| F|  |TAMS 0x0000000711700000, 0x0000000711700000| Untracked 
| 218|0x0000000711800000, 0x0000000711800000, 0x0000000711900000|  0%| F|  |TAMS 0x0000000711800000, 0x0000000711800000| Untracked 
| 219|0x0000000711900000, 0x0000000711900000, 0x0000000711a00000|  0%| F|  |TAMS 0x0000000711900000, 0x0000000711900000| Untracked 
| 220|0x0000000711a00000, 0x0000000711a00000, 0x0000000711b00000|  0%| F|  |TAMS 0x0000000711a00000, 0x0000000711a00000| Untracked 
| 221|0x0000000711b00000, 0x0000000711b00000, 0x0000000711c00000|  0%| F|  |TAMS 0x0000000711b00000, 0x0000000711b00000| Untracked 
| 222|0x0000000711c00000, 0x0000000711c00000, 0x0000000711d00000|  0%| F|  |TAMS 0x0000000711c00000, 0x0000000711c00000| Untracked 
| 223|0x0000000711d00000, 0x0000000711d00000, 0x0000000711e00000|  0%| F|  |TAMS 0x0000000711d00000, 0x0000000711d00000| Untracked 
| 224|0x0000000711e00000, 0x0000000711e00000, 0x0000000711f00000|  0%| F|  |TAMS 0x0000000711e00000, 0x0000000711e00000| Untracked 
| 225|0x0000000711f00000, 0x0000000711f00000, 0x0000000712000000|  0%| F|  |TAMS 0x0000000711f00000, 0x0000000711f00000| Untracked 
| 226|0x0000000712000000, 0x0000000712000000, 0x0000000712100000|  0%| F|  |TAMS 0x0000000712000000, 0x0000000712000000| Untracked 
| 227|0x0000000712100000, 0x0000000712100000, 0x0000000712200000|  0%| F|  |TAMS 0x0000000712100000, 0x0000000712100000| Untracked 
| 228|0x0000000712200000, 0x0000000712200000, 0x0000000712300000|  0%| F|  |TAMS 0x0000000712200000, 0x0000000712200000| Untracked 
| 229|0x0000000712300000, 0x0000000712300000, 0x0000000712400000|  0%| F|  |TAMS 0x0000000712300000, 0x0000000712300000| Untracked 
| 230|0x0000000712400000, 0x0000000712400000, 0x0000000712500000|  0%| F|  |TAMS 0x0000000712400000, 0x0000000712400000| Untracked 
| 231|0x0000000712500000, 0x0000000712500000, 0x0000000712600000|  0%| F|  |TAMS 0x0000000712500000, 0x0000000712500000| Untracked 
| 232|0x0000000712600000, 0x0000000712600000, 0x0000000712700000|  0%| F|  |TAMS 0x0000000712600000, 0x0000000712600000| Untracked 
| 233|0x0000000712700000, 0x0000000712700000, 0x0000000712800000|  0%| F|  |TAMS 0x0000000712700000, 0x0000000712700000| Untracked 
| 234|0x0000000712800000, 0x0000000712800000, 0x0000000712900000|  0%| F|  |TAMS 0x0000000712800000, 0x0000000712800000| Untracked 
| 235|0x0000000712900000, 0x0000000712900000, 0x0000000712a00000|  0%| F|  |TAMS 0x0000000712900000, 0x0000000712900000| Untracked 
| 236|0x0000000712a00000, 0x0000000712a00000, 0x0000000712b00000|  0%| F|  |TAMS 0x0000000712a00000, 0x0000000712a00000| Untracked 
| 237|0x0000000712b00000, 0x0000000712b00000, 0x0000000712c00000|  0%| F|  |TAMS 0x0000000712b00000, 0x0000000712b00000| Untracked 
| 238|0x0000000712c00000, 0x0000000712c00000, 0x0000000712d00000|  0%| F|  |TAMS 0x0000000712c00000, 0x0000000712c00000| Untracked 
| 239|0x0000000712d00000, 0x0000000712d00000, 0x0000000712e00000|  0%| F|  |TAMS 0x0000000712d00000, 0x0000000712d00000| Untracked 
| 240|0x0000000712e00000, 0x0000000712e00000, 0x0000000712f00000|  0%| F|  |TAMS 0x0000000712e00000, 0x0000000712e00000| Untracked 
| 241|0x0000000712f00000, 0x0000000712f00000, 0x0000000713000000|  0%| F|  |TAMS 0x0000000712f00000, 0x0000000712f00000| Untracked 
| 242|0x0000000713000000, 0x0000000713000000, 0x0000000713100000|  0%| F|  |TAMS 0x0000000713000000, 0x0000000713000000| Untracked 
| 243|0x0000000713100000, 0x0000000713100000, 0x0000000713200000|  0%| F|  |TAMS 0x0000000713100000, 0x0000000713100000| Untracked 
| 244|0x0000000713200000, 0x0000000713200000, 0x0000000713300000|  0%| F|  |TAMS 0x0000000713200000, 0x0000000713200000| Untracked 
| 245|0x0000000713300000, 0x0000000713300000, 0x0000000713400000|  0%| F|  |TAMS 0x0000000713300000, 0x0000000713300000| Untracked 
| 246|0x0000000713400000, 0x0000000713400000, 0x0000000713500000|  0%| F|  |TAMS 0x0000000713400000, 0x0000000713400000| Untracked 
| 247|0x0000000713500000, 0x0000000713500000, 0x0000000713600000|  0%| F|  |TAMS 0x0000000713500000, 0x0000000713500000| Untracked 
| 248|0x0000000713600000, 0x0000000713600000, 0x0000000713700000|  0%| F|  |TAMS 0x0000000713600000, 0x0000000713600000| Untracked 
| 249|0x0000000713700000, 0x0000000713700000, 0x0000000713800000|  0%| F|  |TAMS 0x0000000713700000, 0x0000000713700000| Untracked 
| 250|0x0000000713800000, 0x0000000713800000, 0x0000000713900000|  0%| F|  |TAMS 0x0000000713800000, 0x0000000713800000| Untracked 
| 251|0x0000000713900000, 0x0000000713900000, 0x0000000713a00000|  0%| F|  |TAMS 0x0000000713900000, 0x0000000713900000| Untracked 
| 252|0x0000000713a00000, 0x0000000713a00000, 0x0000000713b00000|  0%| F|  |TAMS 0x0000000713a00000, 0x0000000713a00000| Untracked 
| 253|0x0000000713b00000, 0x0000000713b00000, 0x0000000713c00000|  0%| F|  |TAMS 0x0000000713b00000, 0x0000000713b00000| Untracked 

Card table byte_map: [0x000001eb72280000,0x000001eb72a70000] _byte_map_base: 0x000001eb6ea61000

Marking Bits (Prev, Next): (CMBitMap*) 0x000001eb6d53dd38, (CMBitMap*) 0x000001eb6d53dd70
 Prev Bits: [0x000001eb73260000, 0x000001eb77168000)
 Next Bits: [0x000001eb77170000, 0x000001eb7b078000)

Polling page: 0x000001eb6d5c0000

Metaspace:

Usage:
  Non-class:     44.97 MB capacity,    44.57 MB (>99%) used,   325.86 KB ( <1%) free+waste,    81.13 KB ( <1%) overhead. 
      Class:      6.15 MB capacity,     5.89 MB ( 96%) used,   232.98 KB (  4%) free+waste,    37.31 KB ( <1%) overhead. 
       Both:     51.12 MB capacity,    50.46 MB ( 99%) used,   558.84 KB (  1%) free+waste,   118.44 KB ( <1%) overhead. 

Virtual space:
  Non-class space:       46.00 MB reserved,      45.08 MB ( 98%) committed 
      Class space:        1.00 GB reserved,       6.25 MB ( <1%) committed 
             Both:        1.04 GB reserved,      51.33 MB (  5%) committed 

Chunk freelists:
   Non-Class:  45.00 KB
       Class:  7.00 KB
        Both:  52.00 KB

MaxMetaspaceSize: 17179869184.00 GB
CompressedClassSpaceSize: 1.00 GB
Initial GC threshold: 20.80 MB
Current GC threshold: 58.88 MB
CDS: off

CodeHeap 'non-profiled nmethods': size=120000Kb used=2267Kb max_used=2267Kb free=117732Kb
 bounds [0x000001eb07ad0000, 0x000001eb07d40000, 0x000001eb0f000000]
CodeHeap 'profiled nmethods': size=120000Kb used=10454Kb max_used=10454Kb free=109545Kb
 bounds [0x000001eb005a0000, 0x000001eb00fe0000, 0x000001eb07ad0000]
CodeHeap 'non-nmethods': size=5760Kb used=1276Kb max_used=1317Kb free=4483Kb
 bounds [0x000001eb00000000, 0x000001eb00270000, 0x000001eb005a0000]
 total_blobs=5510 nmethods=4955 adapters=467
 compilation: enabled
              stopped_count=0, restarted_count=0
 full_count=0

Compilation events (20 events):
Event: 14.485 Thread 0x000001eb7e51e800 nmethod 5013 0x000001eb00fcff90 code [0x000001eb00fd0180, 0x000001eb00fd0418]
Event: 14.485 Thread 0x000001eb7e51e800 5014       2       org.jetbrains.kotlin.builtins.jvm.JavaToKotlinClassMapper::mapPlatformClass (98 bytes)
Event: 14.489 Thread 0x000001eb7e51e800 nmethod 5014 0x000001eb00fd0590 code [0x000001eb00fd08e0, 0x000001eb00fd1678]
Event: 14.489 Thread 0x000001eb7e51e800 5017       2       kotlin.sequences.FilteringSequence$iterator$1::next (44 bytes)
Event: 14.489 Thread 0x000001eb7e51e800 nmethod 5017 0x000001eb00fd1e10 code [0x000001eb00fd1fe0, 0x000001eb00fd2218]
Event: 14.492 Thread 0x000001eb7e51e800 5018       2       org.jetbrains.kotlin.com.intellij.lang.java.parser.FileParser::parseImportStatement (81 bytes)
Event: 14.494 Thread 0x000001eb7e51e800 nmethod 5018 0x000001eb00fd2310 code [0x000001eb00fd25a0, 0x000001eb00fd2bb8]
Event: 14.494 Thread 0x000001eb7e51e800 5019       2       org.jetbrains.kotlin.com.intellij.lang.java.parser.ReferenceParser::parseImportCodeReference (34 bytes)
Event: 14.494 Thread 0x000001eb7e51e800 nmethod 5019 0x000001eb00fd2f90 code [0x000001eb00fd3140, 0x000001eb00fd3308]
Event: 14.494 Thread 0x000001eb7e51e800 5021       2       org.jetbrains.kotlin.com.intellij.psi.impl.java.stubs.JavaStubElementTypes$14::createCompositeNode (8 bytes)
Event: 14.495 Thread 0x000001eb7e51e800 nmethod 5021 0x000001eb00fd3410 code [0x000001eb00fd35c0, 0x000001eb00fd3858]
Event: 14.495 Thread 0x000001eb7e51e800 5022       2       org.jetbrains.kotlin.com.intellij.psi.impl.source.tree.java.ImportStatementElement::<init> (8 bytes)
Event: 14.496 Thread 0x000001eb7e51e800 nmethod 5022 0x000001eb00fd3910 code [0x000001eb00fd3ac0, 0x000001eb00fd3cd8]
Event: 14.496 Thread 0x000001eb7e51e800 5025       2       org.jetbrains.kotlin.com.intellij.util.WalkingState::next (221 bytes)
Event: 14.499 Thread 0x000001eb7e51e800 nmethod 5025 0x000001eb00fd3d90 code [0x000001eb00fd4060, 0x000001eb00fd48d8]
Event: 14.499 Thread 0x000001eb7e51e800 5026       2       org.jetbrains.kotlin.com.intellij.psi.impl.source.tree.RecursiveTreeElementWalkingVisitor$1::elementFinished (9 bytes)
Event: 14.500 Thread 0x000001eb7e51e800 nmethod 5026 0x000001eb00fd4d90 code [0x000001eb00fd4f60, 0x000001eb00fd5118]
Event: 14.500 Thread 0x000001eb7e51e800 5027       2       org.jetbrains.kotlin.com.intellij.psi.impl.source.tree.RecursiveTreeElementWalkingVisitor$1::elementFinished (17 bytes)
Event: 14.500 Thread 0x000001eb7e51e800 nmethod 5027 0x000001eb00fd5210 code [0x000001eb00fd53e0, 0x000001eb00fd5538]
Event: 14.500 Thread 0x000001eb7e51e800 5023       2       org.jetbrains.kotlin.com.intellij.psi.impl.source.tree.java.ImportStatementBaseElement::<init> (6 bytes)

GC Heap History (11 events):
Event: 0.876 GC heap before
{Heap before GC invocations=0 (full 0):
 garbage-first heap   total 260096K, used 27648K [0x0000000703e00000, 0x0000000800000000)
  region size 1024K, 24 young (24576K), 0 survivors (0K)
 Metaspace       used 12358K, capacity 12504K, committed 12800K, reserved 1060864K
  class space    used 1163K, capacity 1207K, committed 1280K, reserved 1048576K
}
Event: 0.881 GC heap after
{Heap after GC invocations=1 (full 0):
 garbage-first heap   total 260096K, used 5812K [0x0000000703e00000, 0x0000000800000000)
  region size 1024K, 3 young (3072K), 3 survivors (3072K)
 Metaspace       used 12358K, capacity 12504K, committed 12800K, reserved 1060864K
  class space    used 1163K, capacity 1207K, committed 1280K, reserved 1048576K
}
Event: 2.641 GC heap before
{Heap before GC invocations=1 (full 0):
 garbage-first heap   total 260096K, used 44724K [0x0000000703e00000, 0x0000000800000000)
  region size 1024K, 42 young (43008K), 3 survivors (3072K)
 Metaspace       used 20869K, capacity 21142K, committed 21296K, reserved 1069056K
  class space    used 2259K, capacity 2347K, committed 2432K, reserved 1048576K
}
Event: 2.670 GC heap after
{Heap after GC invocations=2 (full 0):
 garbage-first heap   total 260096K, used 9443K [0x0000000703e00000, 0x0000000800000000)
  region size 1024K, 7 young (7168K), 7 survivors (7168K)
 Metaspace       used 20869K, capacity 21142K, committed 21296K, reserved 1069056K
  class space    used 2259K, capacity 2347K, committed 2432K, reserved 1048576K
}
Event: 6.581 GC heap before
{Heap before GC invocations=3 (full 0):
 garbage-first heap   total 260096K, used 65763K [0x0000000703e00000, 0x0000000800000000)
  region size 1024K, 57 young (58368K), 7 survivors (7168K)
 Metaspace       used 31851K, capacity 32359K, committed 32688K, reserved 1077248K
  class space    used 3780K, capacity 3973K, committed 4096K, reserved 1048576K
}
Event: 6.608 GC heap after
{Heap after GC invocations=4 (full 0):
 garbage-first heap   total 260096K, used 20810K [0x0000000703e00000, 0x0000000800000000)
  region size 1024K, 8 young (8192K), 8 survivors (8192K)
 Metaspace       used 31851K, capacity 32359K, committed 32688K, reserved 1077248K
  class space    used 3780K, capacity 3973K, committed 4096K, reserved 1048576K
}
Event: 8.063 GC heap before
{Heap before GC invocations=4 (full 0):
 garbage-first heap   total 260096K, used 44362K [0x0000000703e00000, 0x0000000800000000)
  region size 1024K, 32 young (32768K), 8 survivors (8192K)
 Metaspace       used 35257K, capacity 35727K, committed 35920K, reserved 1081344K
  class space    used 4367K, capacity 4583K, committed 4608K, reserved 1048576K
}
Event: 8.130 GC heap after
{Heap after GC invocations=5 (full 0):
 garbage-first heap   total 260096K, used 25073K [0x0000000703e00000, 0x0000000800000000)
  region size 1024K, 4 young (4096K), 4 survivors (4096K)
 Metaspace       used 35257K, capacity 35727K, committed 35920K, reserved 1081344K
  class space    used 4367K, capacity 4583K, committed 4608K, reserved 1048576K
}
Event: 11.555 GC heap before
{Heap before GC invocations=6 (full 0):
 garbage-first heap   total 260096K, used 92657K [0x0000000703e00000, 0x0000000800000000)
  region size 1024K, 70 young (71680K), 4 survivors (4096K)
 Metaspace       used 45086K, capacity 45719K, committed 45904K, reserved 1089536K
  class space    used 5301K, capacity 5538K, committed 5632K, reserved 1048576K
}
Event: 11.577 GC heap after
{Heap after GC invocations=7 (full 0):
 garbage-first heap   total 260096K, used 34004K [0x0000000703e00000, 0x0000000800000000)
  region size 1024K, 9 young (9216K), 9 survivors (9216K)
 Metaspace       used 45086K, capacity 45719K, committed 45904K, reserved 1089536K
  class space    used 5301K, capacity 5538K, committed 5632K, reserved 1048576K
}
Event: 14.501 GC heap before
{Heap before GC invocations=7 (full 0):
 garbage-first heap   total 260096K, used 86228K [0x0000000703e00000, 0x0000000800000000)
  region size 1024K, 58 young (59392K), 9 survivors (9216K)
 Metaspace       used 51670K, capacity 52348K, committed 52560K, reserved 1095680K
  class space    used 6026K, capacity 6297K, committed 6400K, reserved 1048576K
}

Deoptimization events (20 events):
Event: 13.196 Thread 0x000001eb6d4d9800 Uncommon trap: trap_request=0xffffffde fr.pc=0x000001eb07c50904 relative=0x0000000000000404
Event: 13.196 Thread 0x000001eb6d4d9800 Uncommon trap: reason=class_check action=maybe_recompile pc=0x000001eb07c50904 method=org.jetbrains.kotlin.com.intellij.psi.impl.source.tree.TreeElement.rawRemoveUpToWithoutNotifications(Lorg/jetbrains/kotlin/com/intellij/psi/impl/source/tree/TreeElement;
Event: 13.196 Thread 0x000001eb6d4d9800 DEOPT PACKING pc=0x000001eb07c50904 sp=0x000000b3e21fd170
Event: 13.196 Thread 0x000001eb6d4d9800 DEOPT UNPACKING pc=0x000001eb0004a1af sp=0x000000b3e21fd110 mode 2
Event: 13.221 Thread 0x000001eb6d4d9800 DEOPT PACKING pc=0x000001eb00e421ee sp=0x000000b3e21fd830
Event: 13.221 Thread 0x000001eb6d4d9800 DEOPT UNPACKING pc=0x000001eb0004a95e sp=0x000000b3e21fce08 mode 0
Event: 13.323 Thread 0x000001eb6d4d9800 DEOPT PACKING pc=0x000001eb00dfd20a sp=0x000000b3e21fc2f0
Event: 13.323 Thread 0x000001eb6d4d9800 DEOPT UNPACKING pc=0x000001eb0004a95e sp=0x000000b3e21fb740 mode 0
Event: 13.661 Thread 0x000001eb6d4d9800 DEOPT PACKING pc=0x000001eb00ee1fff sp=0x000000b3e21fd5f0
Event: 13.661 Thread 0x000001eb6d4d9800 DEOPT UNPACKING pc=0x000001eb0004a95e sp=0x000000b3e21fca40 mode 0
Event: 13.703 Thread 0x000001eb6d4d9800 DEOPT PACKING pc=0x000001eb009b0361 sp=0x000000b3e21fd5c0
Event: 13.703 Thread 0x000001eb6d4d9800 DEOPT UNPACKING pc=0x000001eb0004a95e sp=0x000000b3e21fca88 mode 0
Event: 14.075 Thread 0x000001eb6d4d9800 DEOPT PACKING pc=0x000001eb009b0361 sp=0x000000b3e21fd310
Event: 14.075 Thread 0x000001eb6d4d9800 DEOPT UNPACKING pc=0x000001eb0004a95e sp=0x000000b3e21fc7d8 mode 0
Event: 14.179 Thread 0x000001eb6d4d9800 DEOPT PACKING pc=0x000001eb00d50f58 sp=0x000000b3e21fd100
Event: 14.179 Thread 0x000001eb6d4d9800 DEOPT UNPACKING pc=0x000001eb0004a95e sp=0x000000b3e21fc5c8 mode 0
Event: 14.191 Thread 0x000001eb6d4d9800 DEOPT PACKING pc=0x000001eb009b0361 sp=0x000000b3e21fd390
Event: 14.191 Thread 0x000001eb6d4d9800 DEOPT UNPACKING pc=0x000001eb0004a95e sp=0x000000b3e21fc858 mode 0
Event: 14.477 Thread 0x000001eb6d4d9800 DEOPT PACKING pc=0x000001eb00ee5b67 sp=0x000000b3e21fd2f0
Event: 14.477 Thread 0x000001eb6d4d9800 DEOPT UNPACKING pc=0x000001eb0004a95e sp=0x000000b3e21fc7a0 mode 0

Classes redefined (0 events):
No events

Internal exceptions (20 events):
Event: 3.798 Thread 0x000001eb6d4d9800 Exception <a 'java/lang/NoSuchMethodError'{0x0000000712921ca8}: 'java.lang.Object java.lang.invoke.DelegatingMethodHandle$Holder.reinvoke_L(java.lang.Object, int, int, java.lang.Object, java.lang.Object, java.lang.Object)'> (0x0000000712921ca8) thrown at [./src/hotspot/share/interpreter/linkResolver.cpp, line 773]
Event: 3.800 Thread 0x000001eb6d4d9800 Exception <a 'java/lang/NoSuchMethodError'{0x0000000712926030}: 'java.lang.Object java.lang.invoke.DirectMethodHandle$Holder.invokeStatic(java.lang.Object, java.lang.Object, java.lang.Object, java.lang.Object, int)'> (0x0000000712926030) thrown at [./src/hotspot/share/interpreter/linkResolver.cpp, line 773]
Event: 3.936 Thread 0x000001eb6d4d9800 Exception <a 'sun/nio/fs/WindowsException'{0x0000000712865c40}> (0x0000000712865c40) thrown at [./src/hotspot/share/prims/jni.cpp, line 615]
Event: 3.936 Thread 0x000001eb6d4d9800 Exception <a 'sun/nio/fs/WindowsException'{0x00000007128664b8}> (0x00000007128664b8) thrown at [./src/hotspot/share/prims/jni.cpp, line 615]
Event: 3.936 Thread 0x000001eb6d4d9800 Exception <a 'sun/nio/fs/WindowsException'{0x0000000712866d40}> (0x0000000712866d40) thrown at [./src/hotspot/share/prims/jni.cpp, line 615]
Event: 3.937 Thread 0x000001eb6d4d9800 Exception <a 'sun/nio/fs/WindowsException'{0x0000000712867738}> (0x0000000712867738) thrown at [./src/hotspot/share/prims/jni.cpp, line 615]
Event: 3.937 Thread 0x000001eb6d4d9800 Exception <a 'sun/nio/fs/WindowsException'{0x0000000712868040}> (0x0000000712868040) thrown at [./src/hotspot/share/prims/jni.cpp, line 615]
Event: 3.937 Thread 0x000001eb6d4d9800 Exception <a 'sun/nio/fs/WindowsException'{0x0000000712868978}> (0x0000000712868978) thrown at [./src/hotspot/share/prims/jni.cpp, line 615]
Event: 3.945 Thread 0x000001eb6d4d9800 Exception <a 'java/lang/NoSuchMethodError'{0x000000071286f188}: 'void java.lang.invoke.DirectMethodHandle$Holder.invokeStatic(java.lang.Object, java.lang.Object, java.lang.Object, java.lang.Object)'> (0x000000071286f188) thrown at [./src/hotspot/share/interpreter/linkResolver.cpp, line 773]
Event: 4.171 Thread 0x000001eb6d4d9800 Exception <a 'java/lang/NoSuchMethodError'{0x00000007124486f0}: 'void java.lang.invoke.DirectMethodHandle$Holder.invokeStaticInit(java.lang.Object, java.lang.Object)'> (0x00000007124486f0) thrown at [./src/hotspot/share/interpreter/linkResolver.cpp, line 773]
Event: 4.477 Thread 0x000001eb6d4d9800 Exception <a 'java/lang/NoSuchMethodError'{0x00000007120e0930}: 'void java.lang.invoke.DirectMethodHandle$Holder.invokeVirtual(java.lang.Object, java.lang.Object)'> (0x00000007120e0930) thrown at [./src/hotspot/share/interpreter/linkResolver.cpp, line 773]
Event: 4.517 Thread 0x000001eb6d4d9800 Exception <a 'java/lang/NoSuchMethodError'{0x0000000711f5a4e8}: 'int java.lang.invoke.DirectMethodHandle$Holder.invokeVirtual(java.lang.Object, java.lang.Object)'> (0x0000000711f5a4e8) thrown at [./src/hotspot/share/interpreter/linkResolver.cpp, line 773]
Event: 8.430 Thread 0x000001eb6d4d9800 Exception <a 'java/lang/NoSuchMethodError'{0x0000000713605040}: 'java.lang.Object java.lang.invoke.DirectMethodHandle$Holder.invokeVirtual(java.lang.Object, java.lang.Object, java.lang.Object)'> (0x0000000713605040) thrown at [./src/hotspot/share/interpreter/linkResolver.cpp, line 773]
Event: 10.296 Thread 0x000001eb6d4d9800 Exception <a 'java/lang/NoSuchMethodError'{0x0000000710a81d58}: 'java.lang.Object java.lang.invoke.Invokers$Holder.linkToTargetMethod(java.lang.Object, int, java.lang.Object)'> (0x0000000710a81d58) thrown at [./src/hotspot/share/interpreter/linkResolver.cpp, line 773]
Event: 10.624 Thread 0x000001eb6d4d9800 Implicit null exception at 0x000001eb07c4ae8f to 0x000001eb07c4c240
Event: 12.756 Thread 0x000001eb6d4d9800 Exception <a 'java/lang/NoSuchMethodError'{0x000000071298d3a0}: 'java.lang.Object java.lang.invoke.DirectMethodHandle$Holder.invokeStatic(java.lang.Object, java.lang.Object, java.lang.Object, int)'> (0x000000071298d3a0) thrown at [./src/hotspot/share/interpreter/linkResolver.cpp, line 773]
Event: 12.757 Thread 0x000001eb6d4d9800 Exception <a 'java/lang/NoSuchMethodError'{0x0000000712991010}: 'java.lang.Object java.lang.invoke.DirectMethodHandle$Holder.invokeSpecial(java.lang.Object, java.lang.Object, java.lang.Object, java.lang.Object, int)'> (0x0000000712991010) thrown at [./src/hotspot/share/interpreter/linkResolver.cpp, line 773]
Event: 12.758 Thread 0x000001eb6d4d9800 Exception <a 'java/lang/NoSuchMethodError'{0x0000000712994320}: 'java.lang.Object java.lang.invoke.Invokers$Holder.linkToTargetMethod(java.lang.Object, java.lang.Object, int, java.lang.Object)'> (0x0000000712994320) thrown at [./src/hotspot/share/interpreter/linkResolver.cpp, line 773]
Event: 14.382 Thread 0x000001eb6d4d9800 Exception <a 'java/lang/NoSuchMethodError'{0x0000000710dd4e08}: 'java.lang.Object java.lang.invoke.DirectMethodHandle$Holder.invokeSpecial(java.lang.Object, java.lang.Object, java.lang.Object, java.lang.Object, java.lang.Object, java.lang.Object, java.lang.Object, java.lang.Object, java.lang.Object)'> (0x0000000710dd4e08) thrown at [./src/hotspot/share/interpreter/linkResolver.cpp, line 773]
Event: 14.383 Thread 0x000001eb6d4d9800 Exception <a 'java/lang/NoSuchMethodError'{0x0000000710dd9000}: 'java.lang.Object java.lang.invoke.Invokers$Holder.linkToTargetMethod(java.lang.Object, java.lang.Object, java.lang.Object, java.lang.Object, java.lang.Object, java.lang.Object, java.lang.Object, java.lang.Object)'> (0x0000000710dd9000) thrown at [./src/hotspot/share/interpreter/linkResolver.cpp, line 773]

Events (20 events):
Event: 14.392 loading class org/jetbrains/kotlin/resolve/DelegationResolver done
Event: 14.394 loading class org/jetbrains/kotlin/resolve/DelegationResolver$Companion
Event: 14.394 loading class org/jetbrains/kotlin/resolve/DelegationResolver$Companion done
Event: 14.395 loading class org/jetbrains/kotlin/resolve/InlineClassesUtilsKt
Event: 14.395 loading class org/jetbrains/kotlin/resolve/InlineClassesUtilsKt done
Event: 14.397 loading class org/jetbrains/kotlin/resolve/lazy/descriptors/LazyClassMemberScope$generateFakeOverrides$1
Event: 14.397 loading class org/jetbrains/kotlin/resolve/lazy/descriptors/LazyClassMemberScope$generateFakeOverrides$1 done
Event: 14.399 loading class org/jetbrains/kotlin/resolve/OverridingStrategy
Event: 14.399 loading class org/jetbrains/kotlin/resolve/OverridingStrategy done
Event: 14.401 loading class org/jetbrains/kotlin/resolve/OverrideResolver$Companion$createCannotInferVisibilityReporter$1
Event: 14.401 loading class org/jetbrains/kotlin/resolve/OverrideResolver$Companion$createCannotInferVisibilityReporter$1 done
Event: 14.402 loading class org/jetbrains/kotlin/resolve/ImportedFromObjectKt
Event: 14.402 loading class org/jetbrains/kotlin/resolve/ImportedFromObjectKt done
Event: 14.403 loading class org/jetbrains/kotlin/resolve/FunctionImportedFromObject
Event: 14.403 loading class org/jetbrains/kotlin/resolve/FunctionImportedFromObject done
Event: 14.405 loading class org/jetbrains/kotlin/resolve/ImportedFromObjectCallableDescriptor
Event: 14.405 loading class org/jetbrains/kotlin/resolve/ImportedFromObjectCallableDescriptor done
Event: 14.409 loading class org/jetbrains/kotlin/resolve/lazy/descriptors/LazyClassMemberScope$setDeferredReturnType$1
Event: 14.409 loading class org/jetbrains/kotlin/resolve/lazy/descriptors/LazyClassMemberScope$setDeferredReturnType$1 done
Event: 14.501 Executing VM operation: G1CollectForAllocation


Dynamic libraries:
0x00007ff659180000 - 0x00007ff65918a000 	C:\Program Files\Android\Android Studio\jre\bin\java.exe
0x00007ffb6a0f0000 - 0x00007ffb6a2e5000 	C:\Windows\SYSTEM32\ntdll.dll
0x00007ffb68cf0000 - 0x00007ffb68dad000 	C:\Windows\System32\KERNEL32.DLL
0x00007ffb67ae0000 - 0x00007ffb67dad000 	C:\Windows\System32\KERNELBASE.dll
0x00007ffb67e70000 - 0x00007ffb67f70000 	C:\Windows\System32\ucrtbase.dll
0x00007ffb5e610000 - 0x00007ffb5e629000 	C:\Program Files\Android\Android Studio\jre\bin\jli.dll
0x00007ffb65c00000 - 0x00007ffb65c17000 	C:\Program Files\Android\Android Studio\jre\bin\VCRUNTIME140.dll
0x00007ffb68860000 - 0x00007ffb68a00000 	C:\Windows\System32\USER32.dll
0x00007ffb51f80000 - 0x00007ffb5221a000 	C:\Windows\WinSxS\amd64_microsoft.windows.common-controls_6595b64144ccf1df_6.0.19041.1110_none_60b5254171f9507e\COMCTL32.dll
0x00007ffb67e40000 - 0x00007ffb67e62000 	C:\Windows\System32\win32u.dll
0x00007ffb69880000 - 0x00007ffb698aa000 	C:\Windows\System32\GDI32.dll
0x00007ffb678a0000 - 0x00007ffb679ab000 	C:\Windows\System32\gdi32full.dll
0x00007ffb67800000 - 0x00007ffb6789d000 	C:\Windows\System32\msvcp_win.dll
0x00007ffb68690000 - 0x00007ffb6872e000 	C:\Windows\System32\msvcrt.dll
0x00007ffb68c60000 - 0x00007ffb68c90000 	C:\Windows\System32\IMM32.DLL
0x00007ffb2c9a0000 - 0x00007ffb2ca3d000 	C:\Program Files\Android\Android Studio\jre\bin\msvcp140.dll
0x00007ffb22fe0000 - 0x00007ffb23ac5000 	C:\Program Files\Android\Android Studio\jre\bin\server\jvm.dll
0x00007ffb69160000 - 0x00007ffb6920e000 	C:\Windows\System32\ADVAPI32.dll
0x00007ffb69700000 - 0x00007ffb6979c000 	C:\Windows\System32\sechost.dll
0x00007ffb68b30000 - 0x00007ffb68c55000 	C:\Windows\System32\RPCRT4.dll
0x00007ffb68560000 - 0x00007ffb68568000 	C:\Windows\System32\PSAPI.DLL
0x00007ffb65d70000 - 0x00007ffb65d79000 	C:\Windows\SYSTEM32\WSOCK32.dll
0x00007ffb557a0000 - 0x00007ffb557c7000 	C:\Windows\SYSTEM32\WINMM.dll
0x00007ffb60060000 - 0x00007ffb6006a000 	C:\Windows\SYSTEM32\VERSION.dll
0x00007ffb69690000 - 0x00007ffb696fb000 	C:\Windows\System32\WS2_32.dll
0x00007ffb66080000 - 0x00007ffb66092000 	C:\Windows\SYSTEM32\kernel.appcore.dll
0x00007ffb574b0000 - 0x00007ffb574c1000 	C:\Program Files\Android\Android Studio\jre\bin\verify.dll
0x00007ffb65e30000 - 0x00007ffb66014000 	C:\Windows\SYSTEM32\DBGHELP.DLL
0x00007ffb645f0000 - 0x00007ffb6461c000 	C:\Windows\SYSTEM32\dbgcore.DLL
0x00007ffb67db0000 - 0x00007ffb67e32000 	C:\Windows\System32\bcryptPrimitives.dll
0x00007ffb57020000 - 0x00007ffb57049000 	C:\Program Files\Android\Android Studio\jre\bin\java.dll
0x00007ffb65d60000 - 0x00007ffb65d6b000 	C:\Program Files\Android\Android Studio\jre\bin\jimage.dll
0x00007ffb57000000 - 0x00007ffb57018000 	C:\Program Files\Android\Android Studio\jre\bin\zip.dll
0x00007ffb698b0000 - 0x00007ffb69ff4000 	C:\Windows\System32\SHELL32.dll
0x00007ffb652e0000 - 0x00007ffb65a74000 	C:\Windows\SYSTEM32\windows.storage.dll
0x00007ffb68140000 - 0x00007ffb68494000 	C:\Windows\System32\combase.dll
0x00007ffb670b0000 - 0x00007ffb670dc000 	C:\Windows\SYSTEM32\Wldp.dll
0x00007ffb69040000 - 0x00007ffb690ed000 	C:\Windows\System32\SHCORE.dll
0x00007ffb684a0000 - 0x00007ffb684f5000 	C:\Windows\System32\shlwapi.dll
0x00007ffb67740000 - 0x00007ffb6775f000 	C:\Windows\SYSTEM32\profapi.dll
0x00007ffb56fe0000 - 0x00007ffb56ffa000 	C:\Program Files\Android\Android Studio\jre\bin\net.dll
0x00007ffb65000000 - 0x00007ffb6510a000 	C:\Windows\SYSTEM32\WINHTTP.dll
0x00007ffb66e90000 - 0x00007ffb66efa000 	C:\Windows\system32\mswsock.dll
0x00007ffb56620000 - 0x00007ffb56634000 	C:\Program Files\Android\Android Studio\jre\bin\nio.dll

dbghelp: loaded successfully - version: 4.0.5 - missing functions: none
symbol engine: initialized successfully - sym options: 0x614 - pdb path: .;C:\Program Files\Android\Android Studio\jre\bin;C:\Windows\SYSTEM32;C:\Windows\WinSxS\amd64_microsoft.windows.common-controls_6595b64144ccf1df_6.0.19041.1110_none_60b5254171f9507e;C:\Program Files\Android\Android Studio\jre\bin\server

VM Arguments:
java_command: org.jetbrains.kotlin.cli.jvm.K2JVMCompiler @C:\Users\Admin\StudioProjects\hoabl_customer_app_android\app\build\20220615_4981329922213623531.compiler.options
java_class_path (initial): C:\Users\Admin\.gradle\caches\modules-2\files-2.1\org.jetbrains.kotlin\kotlin-compiler-embeddable\1.6.21\97bdd5a752ce73b58ef16c17bc7f0ea2faff7a2e\kotlin-compiler-embeddable-1.6.21.jar;C:\Users\Admin\.gradle\caches\modules-2\files-2.1\org.jetbrains.kotlin\kotlin-reflect\1.6.21\5dc3574d9b7bebfcb4ec6b10ada4aaa9e140bd0b\kotlin-reflect-1.6.21.jar;C:\Users\Admin\.gradle\caches\modules-2\files-2.1\org.jetbrains.kotlin\kotlin-stdlib\1.6.21\11ef67f1900634fd951bad28c53ec957fabbe5b8\kotlin-stdlib-1.6.21.jar;C:\Users\Admin\.gradle\caches\modules-2\files-2.1\org.jetbrains.kotlin\kotlin-script-runtime\1.6.21\99c6675100da5d6d5b1c5a1032f27f28008d101b\kotlin-script-runtime-1.6.21.jar;C:\Users\Admin\.gradle\caches\modules-2\files-2.1\org.jetbrains.kotlin\kotlin-daemon-embeddable\1.6.21\46b78cf392e1c4f10854c3cadba44abb7b82250f\kotlin-daemon-embeddable-1.6.21.jar;C:\Users\Admin\.gradle\caches\modules-2\files-2.1\org.jetbrains.intellij.deps\trove4j\1.0.20200330\3afb14d5f9ceb459d724e907a21145e8ff394f02\trove4j-1.0.20200330.jar;C:\Users\Admin\.gradle\caches\modules-2\files-2.1\net.java.dev.jna\jna\5.6.0\330f2244e9030119ab3030fc3fededc86713d9cc\jna-5.6.0.jar;C:\Users\Admin\.gradle\caches\modules-2\files-2.1\org.jetbrains.kotlin\kotlin-stdlib-common\1.6.21\5e5b55c26dbc80372a920aef60eb774b714559b8\kotlin-stdlib-common-1.6.21.jar;C:\Users\Admin\.gradle\caches\modules-2\files-2.1\org.jetbrains\annotations\13.0\919f0dfe192fb4e063e7dacadee7f8bb9a2672a9\annotations-13.0.jar
Launcher Type: SUN_STANDARD

[Global flags]
     intx CICompilerCount                          = 4                                         {product} {ergonomic}
     uint ConcGCThreads                            = 2                                         {product} {ergonomic}
     uint G1ConcRefinementThreads                  = 8                                         {product} {ergonomic}
   size_t G1HeapRegionSize                         = 1048576                                   {product} {ergonomic}
    uintx GCDrainStackTargetSize                   = 64                                        {product} {ergonomic}
   size_t InitialHeapSize                          = 266338304                                 {product} {ergonomic}
   size_t MarkStackSize                            = 4194304                                   {product} {ergonomic}
   size_t MaxHeapSize                              = 4229955584                                {product} {ergonomic}
   size_t MaxNewSize                               = 2537553920                                {product} {ergonomic}
   size_t MinHeapDeltaBytes                        = 1048576                                   {product} {ergonomic}
    uintx NonNMethodCodeHeapSize                   = 5836300                                {pd product} {ergonomic}
    uintx NonProfiledCodeHeapSize                  = 122910970                              {pd product} {ergonomic}
    uintx ProfiledCodeHeapSize                     = 122910970                              {pd product} {ergonomic}
    uintx ReservedCodeCacheSize                    = 251658240                              {pd product} {ergonomic}
     bool SegmentedCodeCache                       = true                                      {product} {ergonomic}
     bool UseCompressedClassPointers               = true                                 {lp64_product} {ergonomic}
     bool UseCompressedOops                        = true                                 {lp64_product} {ergonomic}
     bool UseG1GC                                  = true                                      {product} {ergonomic}
     bool UseLargePagesIndividualAllocation        = false                                  {pd product} {ergonomic}

Logging:
Log output configuration:
 #0: stdout all=warning uptime,level,tags
 #1: stderr all=off uptime,level,tags

Environment Variables:
PATH=C:\Windows\system32;C:\Windows;C:\Windows\System32\Wbem;C:\Windows\System32\WindowsPowerShell\v1.0\;C:\Windows\System32\OpenSSH\;C:\Program Files\Git\cmd;C:\Users\Admin\AppData\Local\Microsoft\WindowsApps;
USERNAME=Admin
OS=Windows_NT
PROCESSOR_IDENTIFIER=Intel64 Family 6 Model 142 Stepping 12, GenuineIntel



---------------  S Y S T E M  ---------------

OS: Windows 10 , 64 bit Build 19041 (10.0.19041.1706)
OS uptime: 12 days 22:35 hours
Hyper-V role detected

CPU:total 8 (initial active 8) (4 cores per cpu, 2 threads per core) family 6 model 142 stepping 12 microcode 0xd6, cmov, cx8, fxsr, mmx, sse, sse2, sse3, ssse3, sse4.1, sse4.2, popcnt, avx, avx2, aes, clmul, erms, 3dnowpref, lzcnt, ht, tsc, tscinvbit, bmi1, bmi2, adx, fma

Memory: 4k page, system-wide physical 16134M (376M free)
TotalPageFile size 16134M (AvailPageFile size 34M)
current process WorkingSet (physical memory assigned to process): 273M, peak: 273M
current process commit charge ("private bytes"): 448M, peak: 499M

vm_info: OpenJDK 64-Bit Server VM (11.0.12+7-b1504.28-7817840) for windows-amd64 JRE (11.0.12+7-b1504.28-7817840), built on Oct 13 2021 22:12:33 by "builder" with MS VC++ 14.0 (VS2015)

END.
